[22:58:01.038] Global cache location '/home/wzrdd/.cache/typescript/4.4', safe file path '/home/wzrdd/.node_modules/lib/node_modules/typescript/lib/typingSafeList.json', types map path /home/wzrdd/.node_modules/lib/node_modules/typescript/lib/typesMap.json
[22:58:01.039] Processing cache location '/home/wzrdd/.cache/typescript/4.4'
[22:58:01.039] Trying to find '/home/wzrdd/.cache/typescript/4.4/package.json'...
[22:58:01.048] Loaded content of '/home/wzrdd/.cache/typescript/4.4/package.json': {"private":true,"dependencies":{"types-registry":"^0.1.621"},"devDependencies":{"@types/abbrev":"^1.1.2","@types/accepts":"^1.3.5","@types/app-root-path":"^1.2.4","@types/archy":"^0.0.32","@types/are-we-there-yet":"^1.1.0","@types/argparse":"^2.0.10","@types/async":"^3.2.16","@types/async-csv":"^2.1.1","@types/backo2":"^1.0.1","@types/balanced-match":"^1.0.2","@types/base64id":"^2.0.0","@types/bcrypt":"^5.0.0","@types/bindings":"^1.5.1","@types/bl":"^5.0.2","@types/bluebird":"^3.5.38","@types/body-parser":"^1.19.2","@types/brace-expansion":"^1.1.0","@types/braces":"^3.0.1","@types/buffer-from":"^1.1.0","@types/busboy":"^1.5.0","@types/bytes":"^3.1.1","@types/chownr":"^1.0.0","@types/color-convert":"^2.0.0","@types/color-name":"^1.1.1","@types/component-emitter":"^1.2.11","@types/concat-map":"^0.0.1","@types/concat-stream":"^2.0.0","@types/configstore":"^6.0.0","@types/content-disposition":"^0.5.5","@types/content-type":"^1.1.5","@types/cookie":"^0.5.1","@types/cookie-signature":"^1.0.4","@types/cors":"^2.8.12","@types/debug":"^4.1.7","@types/deep-extend":"^0.6.0","@types/delegates":"^1.0.0","@types/depd":"^1.1.32","@types/destroy":"^1.0.0","@types/detect-libc":"^1.0.0","@types/dicer":"^0.2.2","@types/diff":"^5.0.1","@types/duplexer3":"^0.1.1","@types/ee-first":"^1.1.0","@types/ejs":"^3.1.1","@types/encodeurl":"^1.0.0","@types/end-of-stream":"^1.4.1","@types/engine.io":"^3.1.7","@types/engine.io-client":"^3.1.5","@types/escape-html":"^1.0.2","@types/etag":"^1.8.1","@types/express":"^4.17.14","@types/express-ejs-layouts":"^2.5.0","@types/express-fileupload":"^1.4.1","@types/express-session":"^1.17.4","@types/express-ws":"^3.0.1","@types/fast-redact":"^3.0.1","@types/figlet":"^1.5.4","@types/fill-range":"^7.0.0","@types/finalhandler":"^1.2.0","@types/forwarded":"^0.1.0","@types/fresh":"^0.5.0","@types/function-bind":"^1.1.6","@types/glob":"^7.2.0","@types/glob-parent":"^5.1.1","@types/got":"^9.6.12","@types/graceful-fs":"^4.1.5","@types/gridfs-stream":"^0.5.36","@types/has":"^1.0.0","@types/has-ansi":"^5.0.0","@types/http-cache-semantics":"^4.0.1","@types/http-errors":"^2.0.1","@types/imurmurhash":"^0.1.1","@types/inherits":"^0.0.30","@types/ini":"^1.3.31","@types/is-ci":"^3.0.0","@types/is-core-module":"^2.2.0","@types/is-generator":"^1.0.0","@types/is-glob":"^4.0.2","@types/is-number":"^7.0.3","@types/is-typedarray":"^1.0.0","@types/isarray":"^2.0.0","@types/jake":"^0.0.33","@types/js-yaml":"^4.0.4","@types/json-buffer":"^3.0.0","@types/lodash.isplainobject":"^4.0.7","@types/lru-cache":"^5.1.1","@types/luxon":"^3.1.0","@types/media-typer":"^1.1.1","@types/memory-pager":"^1.4.0","@types/merge-descriptors":"^1.0.1","@types/methods":"^1.1.1","@types/mime":"^3.0.1","@types/mime-db":"^1.43.1","@types/mime-types":"^2.1.1","@types/minimatch":"^5.1.2","@types/minimist":"^1.2.2","@types/mkdirp":"^1.0.2","@types/mongodb-uri":"^0.9.1","@types/morgan":"^1.9.3","@types/ms":"^0.7.31","@types/multer":"^1.4.7","@types/multer-gridfs-storage":"^4.0.5","@types/mz":"^2.7.4","@types/negotiator":"^0.6.1","@types/node":"^16.11.11","@types/node-abi":"^3.0.0","@types/nodemon":"^1.19.2","@types/nopt":"^3.0.29","@types/normalize-path":"^3.0.0","@types/npmlog":"^4.1.4","@types/number-is-nan":"^2.0.0","@types/object-assign":"^4.0.30","@types/objects-to-csv":"^1.3.1","@types/on-finished":"^2.3.1","@types/on-headers":"^1.0.0","@types/once":"^1.4.0","@types/parse5":"^6.0.2","@types/parse5-htmlparser2-tree-adapter":"^6.0.1","@types/parseurl":"^1.3.1","@types/path-is-absolute":"^1.0.0","@types/path-parse":"^1.0.19","@types/pg":"^8.6.1","@types/pg-pool":"^2.0.3","@types/picomatch":"^2.3.0","@types/pino":"^6.3.12","@types/pino-std-serializers":"^2.4.1","@types/promise-polyfill":"^6.0.4","@types/proxy-addr":"^2.0.0","@types/pump":"^1.1.1","@types/punycode":"^2.1.0","@types/qs":"^6.9.7","@types/quick-format-unescaped":"^4.0.0","@types/random-bytes":"^1.0.1","@types/range-parser":"^1.2.4","@types/rc":"^1.2.1","@types/readable-stream":"^2.3.15","@types/registry-auth-token":"^4.2.1","@types/require-directory":"^2.1.2","@types/require-from-string":"^1.2.1","@types/resolve":"^1.20.1","@types/responselike":"^1.0.0","@types/rimraf":"^3.0.2","@types/safer-buffer":"^2.1.0","@types/saslprep":"^1.0.1","@types/sax":"^1.2.3","@types/semver":"^7.3.13","@types/send":"^0.17.1","@types/serialport":"^8.0.2","@types/serve-static":"^1.15.0","@types/set-blocking":"^2.0.0","@types/set-cookie-parser":"^2.4.1","@types/sha.js":"^2.4.0","@types/signal-exit":"^3.0.1","@types/source-map-support":"^0.5.4","@types/sparse-bitfield":"^3.0.1","@types/split2":"^3.2.1","@types/statuses":"^2.0.0","@types/string-similarity":"^4.0.0","@types/supports-color":"^8.1.1","@types/tar-fs":"^2.0.1","@types/tar-stream":"^2.2.2","@types/to-regex-range":"^5.0.0","@types/toidentifier":"^1.0.0","@types/touch":"^3.1.2","@types/type-is":"^1.6.3","@types/typedarray-to-buffer":"^4.0.0","@types/uid-safe":"^2.1.2","@types/update-notifier":"^6.0.1","@types/url-parse-lax":"^5.0.0","@types/util-deprecate":"^1.0.0","@types/utils-merge":"^0.0.28","@types/vary":"^1.1.0","@types/webidl-conversions":"^6.1.1","@types/whatwg-url":"^8.2.1","@types/wrap-ansi":"^8.0.1","@types/write-file-atomic":"^4.0.0","@types/ws":"^8.5.3","@types/xml2js":"^0.4.9","@types/xtend":"^4.0.4","@types/yallist":"^4.0.1","@types/yargs":"^17.0.5","@types/yargs-parser":"^20.2.1","@types/yeast":"^0.1.1","@types/zen-observable":"^0.8.3"}}
[22:58:01.049] Loaded content of '/home/wzrdd/.cache/typescript/4.4/package-lock.json'
[22:58:01.065] Adding entry into typings cache: 'abbrev' => '/home/wzrdd/.cache/typescript/4.4/node_modules/@types/abbrev/index.d.ts'
[22:58:01.068] Adding entry into typings cache: 'accepts' => '/home/wzrdd/.cache/typescript/4.4/node_modules/@types/accepts/index.d.ts'
[22:58:01.072] Adding entry into typings cache: 'app-root-path' => '/home/wzrdd/.cache/typescript/4.4/node_modules/@types/app-root-path/index.d.ts'
[22:58:01.077] Adding entry into typings cache: 'archy' => '/home/wzrdd/.cache/typescript/4.4/node_modules/@types/archy/index.d.ts'
[22:58:01.080] Adding entry into typings cache: 'are-we-there-yet' => '/home/wzrdd/.cache/typescript/4.4/node_modules/@types/are-we-there-yet/index.d.ts'
[22:58:01.083] Adding entry into typings cache: 'argparse' => '/home/wzrdd/.cache/typescript/4.4/node_modules/@types/argparse/index.d.ts'
[22:58:01.086] Adding entry into typings cache: 'async' => '/home/wzrdd/.cache/typescript/4.4/node_modules/@types/async/index.d.ts'
[22:58:01.089] Adding entry into typings cache: 'async-csv' => '/home/wzrdd/.cache/typescript/4.4/node_modules/@types/async-csv/index.d.ts'
[22:58:01.093] Adding entry into typings cache: 'backo2' => '/home/wzrdd/.cache/typescript/4.4/node_modules/@types/backo2/index.d.ts'
[22:58:01.096] Adding entry into typings cache: 'balanced-match' => '/home/wzrdd/.cache/typescript/4.4/node_modules/@types/balanced-match/index.d.ts'
[22:58:01.099] Adding entry into typings cache: 'base64id' => '/home/wzrdd/.cache/typescript/4.4/node_modules/@types/base64id/index.d.ts'
[22:58:01.102] Adding entry into typings cache: 'bcrypt' => '/home/wzrdd/.cache/typescript/4.4/node_modules/@types/bcrypt/index.d.ts'
[22:58:01.104] Adding entry into typings cache: 'bindings' => '/home/wzrdd/.cache/typescript/4.4/node_modules/@types/bindings/index.d.ts'
[22:58:01.107] Adding entry into typings cache: 'bl' => '/home/wzrdd/.cache/typescript/4.4/node_modules/@types/bl/index.d.ts'
[22:58:01.109] Adding entry into typings cache: 'bluebird' => '/home/wzrdd/.cache/typescript/4.4/node_modules/@types/bluebird/index.d.ts'
[22:58:01.113] Adding entry into typings cache: 'body-parser' => '/home/wzrdd/.cache/typescript/4.4/node_modules/@types/body-parser/index.d.ts'
[22:58:01.115] Adding entry into typings cache: 'brace-expansion' => '/home/wzrdd/.cache/typescript/4.4/node_modules/@types/brace-expansion/index.d.ts'
[22:58:01.116] Adding entry into typings cache: 'braces' => '/home/wzrdd/.cache/typescript/4.4/node_modules/@types/braces/index.d.ts'
[22:58:01.117] Adding entry into typings cache: 'buffer-from' => '/home/wzrdd/.cache/typescript/4.4/node_modules/@types/buffer-from/index.d.ts'
[22:58:01.123] Adding entry into typings cache: 'busboy' => '/home/wzrdd/.cache/typescript/4.4/node_modules/@types/busboy/index.d.ts'
[22:58:01.126] Adding entry into typings cache: 'bytes' => '/home/wzrdd/.cache/typescript/4.4/node_modules/@types/bytes/index.d.ts'
[22:58:01.134] Adding entry into typings cache: 'chownr' => '/home/wzrdd/.cache/typescript/4.4/node_modules/@types/chownr/index.d.ts'
[22:58:01.136] Adding entry into typings cache: 'color-convert' => '/home/wzrdd/.cache/typescript/4.4/node_modules/@types/color-convert/index.d.ts'
[22:58:01.138] Adding entry into typings cache: 'color-name' => '/home/wzrdd/.cache/typescript/4.4/node_modules/@types/color-name/index.d.ts'
[22:58:01.140] Adding entry into typings cache: 'component-emitter' => '/home/wzrdd/.cache/typescript/4.4/node_modules/@types/component-emitter/index.d.ts'
[22:58:01.142] Adding entry into typings cache: 'concat-map' => '/home/wzrdd/.cache/typescript/4.4/node_modules/@types/concat-map/index.d.ts'
[22:58:01.143] Adding entry into typings cache: 'concat-stream' => '/home/wzrdd/.cache/typescript/4.4/node_modules/@types/concat-stream/index.d.ts'
[22:58:01.145] Adding entry into typings cache: 'configstore' => '/home/wzrdd/.cache/typescript/4.4/node_modules/@types/configstore/index.d.ts'
[22:58:01.146] Adding entry into typings cache: 'content-disposition' => '/home/wzrdd/.cache/typescript/4.4/node_modules/@types/content-disposition/index.d.ts'
[22:58:01.150] Adding entry into typings cache: 'content-type' => '/home/wzrdd/.cache/typescript/4.4/node_modules/@types/content-type/index.d.ts'
[22:58:01.151] Adding entry into typings cache: 'cookie' => '/home/wzrdd/.cache/typescript/4.4/node_modules/@types/cookie/index.d.ts'
[22:58:01.153] Adding entry into typings cache: 'cookie-signature' => '/home/wzrdd/.cache/typescript/4.4/node_modules/@types/cookie-signature/index.d.ts'
[22:58:01.154] Adding entry into typings cache: 'cors' => '/home/wzrdd/.cache/typescript/4.4/node_modules/@types/cors/index.d.ts'
[22:58:01.160] Adding entry into typings cache: 'debug' => '/home/wzrdd/.cache/typescript/4.4/node_modules/@types/debug/index.d.ts'
[22:58:01.162] Adding entry into typings cache: 'deep-extend' => '/home/wzrdd/.cache/typescript/4.4/node_modules/@types/deep-extend/index.d.ts'
[22:58:01.163] Adding entry into typings cache: 'delegates' => '/home/wzrdd/.cache/typescript/4.4/node_modules/@types/delegates/index.d.ts'
[22:58:01.165] Adding entry into typings cache: 'depd' => '/home/wzrdd/.cache/typescript/4.4/node_modules/@types/depd/index.d.ts'
[22:58:01.167] Adding entry into typings cache: 'destroy' => '/home/wzrdd/.cache/typescript/4.4/node_modules/@types/destroy/index.d.ts'
[22:58:01.169] Adding entry into typings cache: 'detect-libc' => '/home/wzrdd/.cache/typescript/4.4/node_modules/@types/detect-libc/index.d.ts'
[22:58:01.170] Adding entry into typings cache: 'dicer' => '/home/wzrdd/.cache/typescript/4.4/node_modules/@types/dicer/index.d.ts'
[22:58:01.175] Adding entry into typings cache: 'diff' => '/home/wzrdd/.cache/typescript/4.4/node_modules/@types/diff/index.d.ts'
[22:58:01.177] Adding entry into typings cache: 'duplexer3' => '/home/wzrdd/.cache/typescript/4.4/node_modules/@types/duplexer3/index.d.ts'
[22:58:01.178] Adding entry into typings cache: 'ee-first' => '/home/wzrdd/.cache/typescript/4.4/node_modules/@types/ee-first/index.d.ts'
[22:58:01.180] Adding entry into typings cache: 'ejs' => '/home/wzrdd/.cache/typescript/4.4/node_modules/@types/ejs/index.d.ts'
[22:58:01.181] Adding entry into typings cache: 'encodeurl' => '/home/wzrdd/.cache/typescript/4.4/node_modules/@types/encodeurl/index.d.ts'
[22:58:01.183] Adding entry into typings cache: 'end-of-stream' => '/home/wzrdd/.cache/typescript/4.4/node_modules/@types/end-of-stream/index.d.ts'
[22:58:01.185] Adding entry into typings cache: 'engine.io' => '/home/wzrdd/.cache/typescript/4.4/node_modules/@types/engine.io/index.d.ts'
[22:58:01.188] Adding entry into typings cache: 'engine.io-client' => '/home/wzrdd/.cache/typescript/4.4/node_modules/@types/engine.io-client/index.d.ts'
[22:58:01.192] Adding entry into typings cache: 'escape-html' => '/home/wzrdd/.cache/typescript/4.4/node_modules/@types/escape-html/index.d.ts'
[22:58:01.195] Adding entry into typings cache: 'etag' => '/home/wzrdd/.cache/typescript/4.4/node_modules/@types/etag/index.d.ts'
[22:58:01.197] Adding entry into typings cache: 'express' => '/home/wzrdd/.cache/typescript/4.4/node_modules/@types/express/index.d.ts'
[22:58:01.199] Adding entry into typings cache: 'express-ejs-layouts' => '/home/wzrdd/.cache/typescript/4.4/node_modules/@types/express-ejs-layouts/index.d.ts'
[22:58:01.200] Adding entry into typings cache: 'express-fileupload' => '/home/wzrdd/.cache/typescript/4.4/node_modules/@types/express-fileupload/index.d.ts'
[22:58:01.202] Adding entry into typings cache: 'express-session' => '/home/wzrdd/.cache/typescript/4.4/node_modules/@types/express-session/index.d.ts'
[22:58:01.204] Adding entry into typings cache: 'express-ws' => '/home/wzrdd/.cache/typescript/4.4/node_modules/@types/express-ws/index.d.ts'
[22:58:01.206] Adding entry into typings cache: 'fast-redact' => '/home/wzrdd/.cache/typescript/4.4/node_modules/@types/fast-redact/index.d.ts'
[22:58:01.207] Adding entry into typings cache: 'figlet' => '/home/wzrdd/.cache/typescript/4.4/node_modules/@types/figlet/index.d.ts'
[22:58:01.214] Adding entry into typings cache: 'fill-range' => '/home/wzrdd/.cache/typescript/4.4/node_modules/@types/fill-range/index.d.ts'
[22:58:01.216] Adding entry into typings cache: 'finalhandler' => '/home/wzrdd/.cache/typescript/4.4/node_modules/@types/finalhandler/index.d.ts'
[22:58:01.223] Adding entry into typings cache: 'forwarded' => '/home/wzrdd/.cache/typescript/4.4/node_modules/@types/forwarded/index.d.ts'
[22:58:01.225] Adding entry into typings cache: 'fresh' => '/home/wzrdd/.cache/typescript/4.4/node_modules/@types/fresh/index.d.ts'
[22:58:01.230] Adding entry into typings cache: 'function-bind' => '/home/wzrdd/.cache/typescript/4.4/node_modules/@types/function-bind/index.d.ts'
[22:58:01.235] Adding entry into typings cache: 'glob' => '/home/wzrdd/.cache/typescript/4.4/node_modules/@types/glob/index.d.ts'
[22:58:01.242] Adding entry into typings cache: 'glob-parent' => '/home/wzrdd/.cache/typescript/4.4/node_modules/@types/glob-parent/index.d.ts'
[22:58:01.244] Adding entry into typings cache: 'got' => '/home/wzrdd/.cache/typescript/4.4/node_modules/@types/got/index.d.ts'
[22:58:01.246] Adding entry into typings cache: 'graceful-fs' => '/home/wzrdd/.cache/typescript/4.4/node_modules/@types/graceful-fs/index.d.ts'
[22:58:01.248] Adding entry into typings cache: 'gridfs-stream' => '/home/wzrdd/.cache/typescript/4.4/node_modules/@types/gridfs-stream/index.d.ts'
[22:58:01.255] Adding entry into typings cache: 'has' => '/home/wzrdd/.cache/typescript/4.4/node_modules/@types/has/index.d.ts'
[22:58:01.261] Adding entry into typings cache: 'has-ansi' => '/home/wzrdd/.cache/typescript/4.4/node_modules/@types/has-ansi/index.d.ts'
[22:58:01.263] Adding entry into typings cache: 'http-cache-semantics' => '/home/wzrdd/.cache/typescript/4.4/node_modules/@types/http-cache-semantics/index.d.ts'
[22:58:01.265] Adding entry into typings cache: 'http-errors' => '/home/wzrdd/.cache/typescript/4.4/node_modules/@types/http-errors/index.d.ts'
[22:58:01.266] Adding entry into typings cache: 'imurmurhash' => '/home/wzrdd/.cache/typescript/4.4/node_modules/@types/imurmurhash/index.d.ts'
[22:58:01.273] Adding entry into typings cache: 'inherits' => '/home/wzrdd/.cache/typescript/4.4/node_modules/@types/inherits/index.d.ts'
[22:58:01.276] Adding entry into typings cache: 'ini' => '/home/wzrdd/.cache/typescript/4.4/node_modules/@types/ini/index.d.ts'
[22:58:01.279] Adding entry into typings cache: 'is-ci' => '/home/wzrdd/.cache/typescript/4.4/node_modules/@types/is-ci/index.d.ts'
[22:58:01.284] Adding entry into typings cache: 'is-core-module' => '/home/wzrdd/.cache/typescript/4.4/node_modules/@types/is-core-module/index.d.ts'
[22:58:01.285] Adding entry into typings cache: 'is-generator' => '/home/wzrdd/.cache/typescript/4.4/node_modules/@types/is-generator/index.d.ts'
[22:58:01.290] Adding entry into typings cache: 'is-glob' => '/home/wzrdd/.cache/typescript/4.4/node_modules/@types/is-glob/index.d.ts'
[22:58:01.293] Adding entry into typings cache: 'is-number' => '/home/wzrdd/.cache/typescript/4.4/node_modules/@types/is-number/index.d.ts'
[22:58:01.295] Adding entry into typings cache: 'is-typedarray' => '/home/wzrdd/.cache/typescript/4.4/node_modules/@types/is-typedarray/index.d.ts'
[22:58:01.300] Adding entry into typings cache: 'isarray' => '/home/wzrdd/.cache/typescript/4.4/node_modules/@types/isarray/index.d.ts'
[22:58:01.306] Adding entry into typings cache: 'jake' => '/home/wzrdd/.cache/typescript/4.4/node_modules/@types/jake/index.d.ts'
[22:58:01.307] Adding entry into typings cache: 'js-yaml' => '/home/wzrdd/.cache/typescript/4.4/node_modules/@types/js-yaml/index.d.ts'
[22:58:01.308] Adding entry into typings cache: 'json-buffer' => '/home/wzrdd/.cache/typescript/4.4/node_modules/@types/json-buffer/index.d.ts'
[22:58:01.309] Adding entry into typings cache: 'lodash.isplainobject' => '/home/wzrdd/.cache/typescript/4.4/node_modules/@types/lodash.isplainobject/index.d.ts'
[22:58:01.311] Adding entry into typings cache: 'lru-cache' => '/home/wzrdd/.cache/typescript/4.4/node_modules/@types/lru-cache/index.d.ts'
[22:58:01.315] Adding entry into typings cache: 'luxon' => '/home/wzrdd/.cache/typescript/4.4/node_modules/@types/luxon/index.d.ts'
[22:58:01.317] Adding entry into typings cache: 'media-typer' => '/home/wzrdd/.cache/typescript/4.4/node_modules/@types/media-typer/index.d.ts'
[22:58:01.322] Adding entry into typings cache: 'memory-pager' => '/home/wzrdd/.cache/typescript/4.4/node_modules/@types/memory-pager/index.d.ts'
[22:58:01.324] Adding entry into typings cache: 'merge-descriptors' => '/home/wzrdd/.cache/typescript/4.4/node_modules/@types/merge-descriptors/index.d.ts'
[22:58:01.326] Adding entry into typings cache: 'methods' => '/home/wzrdd/.cache/typescript/4.4/node_modules/@types/methods/index.d.ts'
[22:58:01.327] Adding entry into typings cache: 'mime' => '/home/wzrdd/.cache/typescript/4.4/node_modules/@types/mime/index.d.ts'
[22:58:01.333] Adding entry into typings cache: 'mime-db' => '/home/wzrdd/.cache/typescript/4.4/node_modules/@types/mime-db/index.d.ts'
[22:58:01.341] Adding entry into typings cache: 'mime-types' => '/home/wzrdd/.cache/typescript/4.4/node_modules/@types/mime-types/index.d.ts'
[22:58:01.343] Adding entry into typings cache: 'minimatch' => '/home/wzrdd/.cache/typescript/4.4/node_modules/@types/minimatch/index.d.ts'
[22:58:01.344] Adding entry into typings cache: 'minimist' => '/home/wzrdd/.cache/typescript/4.4/node_modules/@types/minimist/index.d.ts'
[22:58:01.346] Adding entry into typings cache: 'mkdirp' => '/home/wzrdd/.cache/typescript/4.4/node_modules/@types/mkdirp/index.d.ts'
[22:58:01.346] Adding entry into typings cache: 'mongodb-uri' => '/home/wzrdd/.cache/typescript/4.4/node_modules/@types/mongodb-uri/index.d.ts'
[22:58:01.352] Adding entry into typings cache: 'morgan' => '/home/wzrdd/.cache/typescript/4.4/node_modules/@types/morgan/index.d.ts'
[22:58:01.354] Adding entry into typings cache: 'ms' => '/home/wzrdd/.cache/typescript/4.4/node_modules/@types/ms/index.d.ts'
[22:58:01.356] Adding entry into typings cache: 'multer' => '/home/wzrdd/.cache/typescript/4.4/node_modules/@types/multer/index.d.ts'
[22:58:01.357] Adding entry into typings cache: 'multer-gridfs-storage' => '/home/wzrdd/.cache/typescript/4.4/node_modules/@types/multer-gridfs-storage/index.d.ts'
[22:58:01.358] Adding entry into typings cache: 'mz' => '/home/wzrdd/.cache/typescript/4.4/node_modules/@types/mz/index.d.ts'
[22:58:01.359] Adding entry into typings cache: 'negotiator' => '/home/wzrdd/.cache/typescript/4.4/node_modules/@types/negotiator/index.d.ts'
[22:58:01.363] Adding entry into typings cache: 'node' => '/home/wzrdd/.cache/typescript/4.4/node_modules/@types/node/index.d.ts'
[22:58:01.364] Adding entry into typings cache: 'node-abi' => '/home/wzrdd/.cache/typescript/4.4/node_modules/@types/node-abi/index.d.ts'
[22:58:01.366] Adding entry into typings cache: 'nodemon' => '/home/wzrdd/.cache/typescript/4.4/node_modules/@types/nodemon/index.d.ts'
[22:58:01.367] Adding entry into typings cache: 'nopt' => '/home/wzrdd/.cache/typescript/4.4/node_modules/@types/nopt/index.d.ts'
[22:58:01.368] Adding entry into typings cache: 'normalize-path' => '/home/wzrdd/.cache/typescript/4.4/node_modules/@types/normalize-path/index.d.ts'
[22:58:01.369] Adding entry into typings cache: 'npmlog' => '/home/wzrdd/.cache/typescript/4.4/node_modules/@types/npmlog/index.d.ts'
[22:58:01.370] Adding entry into typings cache: 'number-is-nan' => '/home/wzrdd/.cache/typescript/4.4/node_modules/@types/number-is-nan/index.d.ts'
[22:58:01.375] Adding entry into typings cache: 'object-assign' => '/home/wzrdd/.cache/typescript/4.4/node_modules/@types/object-assign/index.d.ts'
[22:58:01.380] Adding entry into typings cache: 'objects-to-csv' => '/home/wzrdd/.cache/typescript/4.4/node_modules/@types/objects-to-csv/index.d.ts'
[22:58:01.381] Adding entry into typings cache: 'on-finished' => '/home/wzrdd/.cache/typescript/4.4/node_modules/@types/on-finished/index.d.ts'
[22:58:01.388] Adding entry into typings cache: 'on-headers' => '/home/wzrdd/.cache/typescript/4.4/node_modules/@types/on-headers/index.d.ts'
[22:58:01.389] Adding entry into typings cache: 'once' => '/home/wzrdd/.cache/typescript/4.4/node_modules/@types/once/index.d.ts'
[22:58:01.391] Adding entry into typings cache: 'parse5' => '/home/wzrdd/.cache/typescript/4.4/node_modules/@types/parse5/index.d.ts'
[22:58:01.392] Adding entry into typings cache: 'parse5-htmlparser2-tree-adapter' => '/home/wzrdd/.cache/typescript/4.4/node_modules/@types/parse5-htmlparser2-tree-adapter/index.d.ts'
[22:58:01.396] Adding entry into typings cache: 'parseurl' => '/home/wzrdd/.cache/typescript/4.4/node_modules/@types/parseurl/index.d.ts'
[22:58:01.399] Adding entry into typings cache: 'path-is-absolute' => '/home/wzrdd/.cache/typescript/4.4/node_modules/@types/path-is-absolute/index.d.ts'
[22:58:01.400] Adding entry into typings cache: 'path-parse' => '/home/wzrdd/.cache/typescript/4.4/node_modules/@types/path-parse/index.d.ts'
[22:58:01.402] Adding entry into typings cache: 'pg' => '/home/wzrdd/.cache/typescript/4.4/node_modules/@types/pg/index.d.ts'
[22:58:01.403] Adding entry into typings cache: 'pg-pool' => '/home/wzrdd/.cache/typescript/4.4/node_modules/@types/pg-pool/index.d.ts'
[22:58:01.405] Adding entry into typings cache: 'picomatch' => '/home/wzrdd/.cache/typescript/4.4/node_modules/@types/picomatch/index.d.ts'
[22:58:01.407] Adding entry into typings cache: 'pino' => '/home/wzrdd/.cache/typescript/4.4/node_modules/@types/pino/index.d.ts'
[22:58:01.410] Adding entry into typings cache: 'pino-std-serializers' => '/home/wzrdd/.cache/typescript/4.4/node_modules/@types/pino-std-serializers/index.d.ts'
[22:58:01.411] Adding entry into typings cache: 'promise-polyfill' => '/home/wzrdd/.cache/typescript/4.4/node_modules/@types/promise-polyfill/index.d.ts'
[22:58:01.413] Adding entry into typings cache: 'proxy-addr' => '/home/wzrdd/.cache/typescript/4.4/node_modules/@types/proxy-addr/index.d.ts'
[22:58:01.420] Adding entry into typings cache: 'pump' => '/home/wzrdd/.cache/typescript/4.4/node_modules/@types/pump/index.d.ts'
[22:58:01.424] Adding entry into typings cache: 'punycode' => '/home/wzrdd/.cache/typescript/4.4/node_modules/@types/punycode/index.d.ts'
[22:58:01.427] Adding entry into typings cache: 'qs' => '/home/wzrdd/.cache/typescript/4.4/node_modules/@types/qs/index.d.ts'
[22:58:01.434] Adding entry into typings cache: 'quick-format-unescaped' => '/home/wzrdd/.cache/typescript/4.4/node_modules/@types/quick-format-unescaped/index.d.ts'
[22:58:01.439] Adding entry into typings cache: 'random-bytes' => '/home/wzrdd/.cache/typescript/4.4/node_modules/@types/random-bytes/index.d.ts'
[22:58:01.441] Adding entry into typings cache: 'range-parser' => '/home/wzrdd/.cache/typescript/4.4/node_modules/@types/range-parser/index.d.ts'
[22:58:01.451] Adding entry into typings cache: 'rc' => '/home/wzrdd/.cache/typescript/4.4/node_modules/@types/rc/index.d.ts'
[22:58:01.458] Adding entry into typings cache: 'readable-stream' => '/home/wzrdd/.cache/typescript/4.4/node_modules/@types/readable-stream/index.d.ts'
[22:58:01.465] Adding entry into typings cache: 'registry-auth-token' => '/home/wzrdd/.cache/typescript/4.4/node_modules/@types/registry-auth-token/index.d.ts'
[22:58:01.469] Adding entry into typings cache: 'require-directory' => '/home/wzrdd/.cache/typescript/4.4/node_modules/@types/require-directory/index.d.ts'
[22:58:01.470] Adding entry into typings cache: 'require-from-string' => '/home/wzrdd/.cache/typescript/4.4/node_modules/@types/require-from-string/index.d.ts'
[22:58:01.471] Adding entry into typings cache: 'resolve' => '/home/wzrdd/.cache/typescript/4.4/node_modules/@types/resolve/index.d.ts'
[22:58:01.474] Adding entry into typings cache: 'responselike' => '/home/wzrdd/.cache/typescript/4.4/node_modules/@types/responselike/index.d.ts'
[22:58:01.479] Adding entry into typings cache: 'rimraf' => '/home/wzrdd/.cache/typescript/4.4/node_modules/@types/rimraf/index.d.ts'
[22:58:01.482] Adding entry into typings cache: 'safer-buffer' => '/home/wzrdd/.cache/typescript/4.4/node_modules/@types/safer-buffer/index.d.ts'
[22:58:01.491] Adding entry into typings cache: 'saslprep' => '/home/wzrdd/.cache/typescript/4.4/node_modules/@types/saslprep/index.d.ts'
[22:58:01.493] Adding entry into typings cache: 'sax' => '/home/wzrdd/.cache/typescript/4.4/node_modules/@types/sax/index.d.ts'
[22:58:01.494] Adding entry into typings cache: 'semver' => '/home/wzrdd/.cache/typescript/4.4/node_modules/@types/semver/index.d.ts'
[22:58:01.495] Adding entry into typings cache: 'send' => '/home/wzrdd/.cache/typescript/4.4/node_modules/@types/send/index.d.ts'
[22:58:01.498] Adding entry into typings cache: 'serialport' => '/home/wzrdd/.cache/typescript/4.4/node_modules/@types/serialport/index.d.ts'
[22:58:01.499] Adding entry into typings cache: 'serve-static' => '/home/wzrdd/.cache/typescript/4.4/node_modules/@types/serve-static/index.d.ts'
[22:58:01.502] Adding entry into typings cache: 'set-blocking' => '/home/wzrdd/.cache/typescript/4.4/node_modules/@types/set-blocking/index.d.ts'
[22:58:01.505] Adding entry into typings cache: 'set-cookie-parser' => '/home/wzrdd/.cache/typescript/4.4/node_modules/@types/set-cookie-parser/index.d.ts'
[22:58:01.509] Adding entry into typings cache: 'sha.js' => '/home/wzrdd/.cache/typescript/4.4/node_modules/@types/sha.js/index.d.ts'
[22:58:01.513] Adding entry into typings cache: 'signal-exit' => '/home/wzrdd/.cache/typescript/4.4/node_modules/@types/signal-exit/index.d.ts'
[22:58:01.522] Adding entry into typings cache: 'source-map-support' => '/home/wzrdd/.cache/typescript/4.4/node_modules/@types/source-map-support/index.d.ts'
[22:58:01.533] Adding entry into typings cache: 'sparse-bitfield' => '/home/wzrdd/.cache/typescript/4.4/node_modules/@types/sparse-bitfield/index.d.ts'
[22:58:01.535] Adding entry into typings cache: 'split2' => '/home/wzrdd/.cache/typescript/4.4/node_modules/@types/split2/index.d.ts'
[22:58:01.536] Adding entry into typings cache: 'statuses' => '/home/wzrdd/.cache/typescript/4.4/node_modules/@types/statuses/index.d.ts'
[22:58:01.538] Adding entry into typings cache: 'string-similarity' => '/home/wzrdd/.cache/typescript/4.4/node_modules/@types/string-similarity/index.d.ts'
[22:58:01.544] Adding entry into typings cache: 'supports-color' => '/home/wzrdd/.cache/typescript/4.4/node_modules/@types/supports-color/index.d.ts'
[22:58:01.546] Adding entry into typings cache: 'tar-fs' => '/home/wzrdd/.cache/typescript/4.4/node_modules/@types/tar-fs/index.d.ts'
[22:58:01.548] Adding entry into typings cache: 'tar-stream' => '/home/wzrdd/.cache/typescript/4.4/node_modules/@types/tar-stream/index.d.ts'
[22:58:01.550] Adding entry into typings cache: 'to-regex-range' => '/home/wzrdd/.cache/typescript/4.4/node_modules/@types/to-regex-range/index.d.ts'
[22:58:01.556] Adding entry into typings cache: 'toidentifier' => '/home/wzrdd/.cache/typescript/4.4/node_modules/@types/toidentifier/index.d.ts'
[22:58:01.562] Adding entry into typings cache: 'touch' => '/home/wzrdd/.cache/typescript/4.4/node_modules/@types/touch/index.d.ts'
[22:58:01.568] Adding entry into typings cache: 'type-is' => '/home/wzrdd/.cache/typescript/4.4/node_modules/@types/type-is/index.d.ts'
[22:58:01.576] Adding entry into typings cache: 'typedarray-to-buffer' => '/home/wzrdd/.cache/typescript/4.4/node_modules/@types/typedarray-to-buffer/index.d.ts'
[22:58:01.578] Adding entry into typings cache: 'uid-safe' => '/home/wzrdd/.cache/typescript/4.4/node_modules/@types/uid-safe/index.d.ts'
[22:58:01.588] Adding entry into typings cache: 'update-notifier' => '/home/wzrdd/.cache/typescript/4.4/node_modules/@types/update-notifier/index.d.ts'
[22:58:01.590] Adding entry into typings cache: 'url-parse-lax' => '/home/wzrdd/.cache/typescript/4.4/node_modules/@types/url-parse-lax/index.d.ts'
[22:58:01.598] Adding entry into typings cache: 'util-deprecate' => '/home/wzrdd/.cache/typescript/4.4/node_modules/@types/util-deprecate/index.d.ts'
[22:58:01.602] Adding entry into typings cache: 'utils-merge' => '/home/wzrdd/.cache/typescript/4.4/node_modules/@types/utils-merge/index.d.ts'
[22:58:01.609] Adding entry into typings cache: 'vary' => '/home/wzrdd/.cache/typescript/4.4/node_modules/@types/vary/index.d.ts'
[22:58:01.624] Adding entry into typings cache: 'webidl-conversions' => '/home/wzrdd/.cache/typescript/4.4/node_modules/@types/webidl-conversions/index.d.ts'
[22:58:01.638] Adding entry into typings cache: 'whatwg-url' => '/home/wzrdd/.cache/typescript/4.4/node_modules/@types/whatwg-url/index.d.ts'
[22:58:01.651] Adding entry into typings cache: 'wrap-ansi' => '/home/wzrdd/.cache/typescript/4.4/node_modules/@types/wrap-ansi/index.d.ts'
[22:58:01.655] Adding entry into typings cache: 'write-file-atomic' => '/home/wzrdd/.cache/typescript/4.4/node_modules/@types/write-file-atomic/index.d.ts'
[22:58:01.662] Adding entry into typings cache: 'ws' => '/home/wzrdd/.cache/typescript/4.4/node_modules/@types/ws/index.d.ts'
[22:58:01.668] Adding entry into typings cache: 'xml2js' => '/home/wzrdd/.cache/typescript/4.4/node_modules/@types/xml2js/index.d.ts'
[22:58:01.678] Adding entry into typings cache: 'xtend' => '/home/wzrdd/.cache/typescript/4.4/node_modules/@types/xtend/index.d.ts'
[22:58:01.685] Adding entry into typings cache: 'yallist' => '/home/wzrdd/.cache/typescript/4.4/node_modules/@types/yallist/index.d.ts'
[22:58:01.693] Adding entry into typings cache: 'yargs' => '/home/wzrdd/.cache/typescript/4.4/node_modules/@types/yargs/index.d.ts'
[22:58:01.705] Adding entry into typings cache: 'yargs-parser' => '/home/wzrdd/.cache/typescript/4.4/node_modules/@types/yargs-parser/index.d.ts'
[22:58:01.712] Adding entry into typings cache: 'yeast' => '/home/wzrdd/.cache/typescript/4.4/node_modules/@types/yeast/index.d.ts'
[22:58:01.713] Adding entry into typings cache: 'zen-observable' => '/home/wzrdd/.cache/typescript/4.4/node_modules/@types/zen-observable/index.d.ts'
[22:58:01.713] Finished processing cache location '/home/wzrdd/.cache/typescript/4.4'
[22:58:01.713] Process id: 312979
[22:58:01.713] NPM location: /usr/bin/npm (explicit '--npmLocation' not  provided)
[22:58:01.713] validateDefaultNpmLocation: false
[22:58:01.713] Npm config file: /home/wzrdd/.cache/typescript/4.4/package.json
[22:58:01.713] Updating types-registry npm package...
[22:58:01.713] Exec: /usr/bin/npm install --ignore-scripts types-registry@latest
[22:58:06.698]     Succeeded. stdout:
    
    up to date, audited 328 packages in 3s

16 packages are looking for funding
  run `npm fund` for details

found 0 vulnerabilities

[22:58:06.699] Updated types-registry npm package
[22:58:08.217] Got install request {"projectName":"/dev/null/inferredProject1*","fileNames":["/home/wzrdd/.node_modules/lib/node_modules/typescript/lib/lib.es5.d.ts","/home/wzrdd/.node_modules/lib/node_modules/typescript/lib/lib.es2015.d.ts","/home/wzrdd/.node_modules/lib/node_modules/typescript/lib/lib.es2016.d.ts","/home/wzrdd/.node_modules/lib/node_modules/typescript/lib/lib.dom.d.ts","/home/wzrdd/.node_modules/lib/node_modules/typescript/lib/lib.dom.iterable.d.ts","/home/wzrdd/.node_modules/lib/node_modules/typescript/lib/lib.webworker.importscripts.d.ts","/home/wzrdd/.node_modules/lib/node_modules/typescript/lib/lib.scripthost.d.ts","/home/wzrdd/.node_modules/lib/node_modules/typescript/lib/lib.es2015.core.d.ts","/home/wzrdd/.node_modules/lib/node_modules/typescript/lib/lib.es2015.collection.d.ts","/home/wzrdd/.node_modules/lib/node_modules/typescript/lib/lib.es2015.generator.d.ts","/home/wzrdd/.node_modules/lib/node_modules/typescript/lib/lib.es2015.iterable.d.ts","/home/wzrdd/.node_modules/lib/node_modules/typescript/lib/lib.es2015.promise.d.ts","/home/wzrdd/.node_modules/lib/node_modules/typescript/lib/lib.es2015.proxy.d.ts","/home/wzrdd/.node_modules/lib/node_modules/typescript/lib/lib.es2015.reflect.d.ts","/home/wzrdd/.node_modules/lib/node_modules/typescript/lib/lib.es2015.symbol.d.ts","/home/wzrdd/.node_modules/lib/node_modules/typescript/lib/lib.es2015.symbol.wellknown.d.ts","/home/wzrdd/.node_modules/lib/node_modules/typescript/lib/lib.es2016.array.include.d.ts","/home/wzrdd/.node_modules/lib/node_modules/typescript/lib/lib.es2016.full.d.ts","/home/wzrdd/Semestre/TIC/proyecto/virtual-port/index.js"],"compilerOptions":{"module":1,"target":3,"jsx":1,"allowJs":true,"allowSyntheticDefaultImports":true,"allowNonTsExtensions":true,"noEmitForJsFiles":true,"maxNodeModuleJsDepth":2},"typeAcquisition":{"enable":true,"include":[],"exclude":[]},"unresolvedImports":[],"projectRootPath":"/home/wzrdd/Semestre/TIC/proyecto/virtual-port","kind":"discover"}
[22:58:08.252] Loaded safelist from types map file '/home/wzrdd/.node_modules/lib/node_modules/typescript/lib/typesMap.json'
[22:58:08.253] Explicitly included types: []
[22:58:08.253] Inferred typings from unresolved imports: []
[22:58:08.254] Result: {"cachedTypingPaths":[],"newTypingNames":[],"filesToWatch":["/home/wzrdd/Semestre/TIC/proyecto/virtual-port/bower_components","/home/wzrdd/Semestre/TIC/proyecto/virtual-port/node_modules"]}
[22:58:08.254] Finished typings discovery: {"cachedTypingPaths":[],"newTypingNames":[],"filesToWatch":["/home/wzrdd/Semestre/TIC/proyecto/virtual-port/bower_components","/home/wzrdd/Semestre/TIC/proyecto/virtual-port/node_modules"]}
[22:58:08.257] DirectoryWatcher:: Added:: WatchInfo: /home/wzrdd/Semestre/TIC/proyecto/virtual-port/bower_components
[22:58:08.257] DirectoryWatcher:: Added:: WatchInfo: /home/wzrdd/Semestre/TIC/proyecto/virtual-port/bower_components 1 undefined Project: /dev/null/inferredProject1* watcher already invoked: false
[22:58:08.258] Elapsed:: 1.2352989986538887ms DirectoryWatcher:: Added:: WatchInfo: /home/wzrdd/Semestre/TIC/proyecto/virtual-port/bower_components 1 undefined Project: /dev/null/inferredProject1* watcher already invoked: false
[22:58:08.258] DirectoryWatcher:: Added:: WatchInfo: /home/wzrdd/Semestre/TIC/proyecto/virtual-port/node_modules
[22:58:08.258] DirectoryWatcher:: Added:: WatchInfo: /home/wzrdd/Semestre/TIC/proyecto/virtual-port/node_modules 1 undefined Project: /dev/null/inferredProject1* watcher already invoked: false
[22:58:08.259] Elapsed:: 0.07902199774980545ms DirectoryWatcher:: Added:: WatchInfo: /home/wzrdd/Semestre/TIC/proyecto/virtual-port/node_modules 1 undefined Project: /dev/null/inferredProject1* watcher already invoked: false
[22:58:08.259] Sending response:
    {"projectName":"/dev/null/inferredProject1*","typeAcquisition":{"enable":true,"include":[],"exclude":[]},"compilerOptions":{"module":1,"target":3,"jsx":1,"allowJs":true,"allowSyntheticDefaultImports":true,"allowNonTsExtensions":true,"noEmitForJsFiles":true,"maxNodeModuleJsDepth":2},"typings":[],"unresolvedImports":[],"kind":"action::set"}
[22:58:08.259] Response has been sent.
[22:58:08.259] No new typings were requested as a result of typings discovery
[22:58:08.259] Got install request {"projectName":"/dev/null/inferredProject1*","fileNames":["/home/wzrdd/.node_modules/lib/node_modules/typescript/lib/lib.es5.d.ts","/home/wzrdd/.node_modules/lib/node_modules/typescript/lib/lib.es2015.d.ts","/home/wzrdd/.node_modules/lib/node_modules/typescript/lib/lib.es2016.d.ts","/home/wzrdd/.node_modules/lib/node_modules/typescript/lib/lib.dom.d.ts","/home/wzrdd/.node_modules/lib/node_modules/typescript/lib/lib.dom.iterable.d.ts","/home/wzrdd/.node_modules/lib/node_modules/typescript/lib/lib.webworker.importscripts.d.ts","/home/wzrdd/.node_modules/lib/node_modules/typescript/lib/lib.scripthost.d.ts","/home/wzrdd/.node_modules/lib/node_modules/typescript/lib/lib.es2015.core.d.ts","/home/wzrdd/.node_modules/lib/node_modules/typescript/lib/lib.es2015.collection.d.ts","/home/wzrdd/.node_modules/lib/node_modules/typescript/lib/lib.es2015.generator.d.ts","/home/wzrdd/.node_modules/lib/node_modules/typescript/lib/lib.es2015.iterable.d.ts","/home/wzrdd/.node_modules/lib/node_modules/typescript/lib/lib.es2015.promise.d.ts","/home/wzrdd/.node_modules/lib/node_modules/typescript/lib/lib.es2015.proxy.d.ts","/home/wzrdd/.node_modules/lib/node_modules/typescript/lib/lib.es2015.reflect.d.ts","/home/wzrdd/.node_modules/lib/node_modules/typescript/lib/lib.es2015.symbol.d.ts","/home/wzrdd/.node_modules/lib/node_modules/typescript/lib/lib.es2015.symbol.wellknown.d.ts","/home/wzrdd/.node_modules/lib/node_modules/typescript/lib/lib.es2016.array.include.d.ts","/home/wzrdd/.node_modules/lib/node_modules/typescript/lib/lib.es2016.full.d.ts","/home/wzrdd/Semestre/TIC/proyecto/virtual-port/index.js"],"compilerOptions":{"module":1,"target":3,"jsx":1,"allowJs":true,"allowSyntheticDefaultImports":true,"allowNonTsExtensions":true,"noEmitForJsFiles":true,"maxNodeModuleJsDepth":2},"typeAcquisition":{"enable":true,"include":[],"exclude":[]},"unresolvedImports":["expres"],"projectRootPath":"/home/wzrdd/Semestre/TIC/proyecto/virtual-port","kind":"discover"}
[22:58:08.259] Explicitly included types: []
[22:58:08.259] Inferred typings from unresolved imports: ["expres"]
[22:58:08.260] Result: {"cachedTypingPaths":[],"newTypingNames":["expres"],"filesToWatch":["/home/wzrdd/Semestre/TIC/proyecto/virtual-port/bower_components","/home/wzrdd/Semestre/TIC/proyecto/virtual-port/node_modules"]}
[22:58:08.260] Finished typings discovery: {"cachedTypingPaths":[],"newTypingNames":["expres"],"filesToWatch":["/home/wzrdd/Semestre/TIC/proyecto/virtual-port/bower_components","/home/wzrdd/Semestre/TIC/proyecto/virtual-port/node_modules"]}
[22:58:08.260] Installing typings ["expres"]
[22:58:08.260] 'expres':: Entry for package 'expres' does not exist in local types registry - skipping...
[22:58:08.260] All typings are known to be missing or invalid - no need to install more typings
[22:58:08.260] Sending response:
    {"projectName":"/dev/null/inferredProject1*","typeAcquisition":{"enable":true,"include":[],"exclude":[]},"compilerOptions":{"module":1,"target":3,"jsx":1,"allowJs":true,"allowSyntheticDefaultImports":true,"allowNonTsExtensions":true,"noEmitForJsFiles":true,"maxNodeModuleJsDepth":2},"typings":[],"unresolvedImports":["expres"],"kind":"action::set"}
[22:58:08.260] Response has been sent.
[22:58:08.292] Got install request {"projectName":"/dev/null/inferredProject1*","fileNames":["/home/wzrdd/.node_modules/lib/node_modules/typescript/lib/lib.es5.d.ts","/home/wzrdd/.node_modules/lib/node_modules/typescript/lib/lib.es2015.d.ts","/home/wzrdd/.node_modules/lib/node_modules/typescript/lib/lib.es2016.d.ts","/home/wzrdd/.node_modules/lib/node_modules/typescript/lib/lib.dom.d.ts","/home/wzrdd/.node_modules/lib/node_modules/typescript/lib/lib.dom.iterable.d.ts","/home/wzrdd/.node_modules/lib/node_modules/typescript/lib/lib.webworker.importscripts.d.ts","/home/wzrdd/.node_modules/lib/node_modules/typescript/lib/lib.scripthost.d.ts","/home/wzrdd/.node_modules/lib/node_modules/typescript/lib/lib.es2015.core.d.ts","/home/wzrdd/.node_modules/lib/node_modules/typescript/lib/lib.es2015.collection.d.ts","/home/wzrdd/.node_modules/lib/node_modules/typescript/lib/lib.es2015.generator.d.ts","/home/wzrdd/.node_modules/lib/node_modules/typescript/lib/lib.es2015.iterable.d.ts","/home/wzrdd/.node_modules/lib/node_modules/typescript/lib/lib.es2015.promise.d.ts","/home/wzrdd/.node_modules/lib/node_modules/typescript/lib/lib.es2015.proxy.d.ts","/home/wzrdd/.node_modules/lib/node_modules/typescript/lib/lib.es2015.reflect.d.ts","/home/wzrdd/.node_modules/lib/node_modules/typescript/lib/lib.es2015.symbol.d.ts","/home/wzrdd/.node_modules/lib/node_modules/typescript/lib/lib.es2015.symbol.wellknown.d.ts","/home/wzrdd/.node_modules/lib/node_modules/typescript/lib/lib.es2016.array.include.d.ts","/home/wzrdd/.node_modules/lib/node_modules/typescript/lib/lib.es2016.full.d.ts","/home/wzrdd/Semestre/TIC/proyecto/virtual-port/index.js"],"compilerOptions":{"module":1,"target":3,"jsx":1,"allowJs":true,"allowSyntheticDefaultImports":true,"allowNonTsExtensions":true,"noEmitForJsFiles":true,"maxNodeModuleJsDepth":2},"typeAcquisition":{"enable":true,"include":[],"exclude":[]},"unresolvedImports":[],"projectRootPath":"/home/wzrdd/Semestre/TIC/proyecto/virtual-port","kind":"discover"}
[22:58:08.292] Explicitly included types: []
[22:58:08.292] Inferred typings from unresolved imports: []
[22:58:08.292] Result: {"cachedTypingPaths":[],"newTypingNames":[],"filesToWatch":["/home/wzrdd/Semestre/TIC/proyecto/virtual-port/bower_components","/home/wzrdd/Semestre/TIC/proyecto/virtual-port/node_modules"]}
[22:58:08.292] Finished typings discovery: {"cachedTypingPaths":[],"newTypingNames":[],"filesToWatch":["/home/wzrdd/Semestre/TIC/proyecto/virtual-port/bower_components","/home/wzrdd/Semestre/TIC/proyecto/virtual-port/node_modules"]}
[22:58:08.292] Sending response:
    {"projectName":"/dev/null/inferredProject1*","typeAcquisition":{"enable":true,"include":[],"exclude":[]},"compilerOptions":{"module":1,"target":3,"jsx":1,"allowJs":true,"allowSyntheticDefaultImports":true,"allowNonTsExtensions":true,"noEmitForJsFiles":true,"maxNodeModuleJsDepth":2},"typings":[],"unresolvedImports":[],"kind":"action::set"}
[22:58:08.292] Response has been sent.
[22:58:08.292] No new typings were requested as a result of typings discovery
[22:59:14.565] Got install request {"projectName":"/dev/null/inferredProject1*","fileNames":["/home/wzrdd/.node_modules/lib/node_modules/typescript/lib/lib.es5.d.ts","/home/wzrdd/.node_modules/lib/node_modules/typescript/lib/lib.es2015.d.ts","/home/wzrdd/.node_modules/lib/node_modules/typescript/lib/lib.es2016.d.ts","/home/wzrdd/.node_modules/lib/node_modules/typescript/lib/lib.dom.d.ts","/home/wzrdd/.node_modules/lib/node_modules/typescript/lib/lib.dom.iterable.d.ts","/home/wzrdd/.node_modules/lib/node_modules/typescript/lib/lib.webworker.importscripts.d.ts","/home/wzrdd/.node_modules/lib/node_modules/typescript/lib/lib.scripthost.d.ts","/home/wzrdd/.node_modules/lib/node_modules/typescript/lib/lib.es2015.core.d.ts","/home/wzrdd/.node_modules/lib/node_modules/typescript/lib/lib.es2015.collection.d.ts","/home/wzrdd/.node_modules/lib/node_modules/typescript/lib/lib.es2015.generator.d.ts","/home/wzrdd/.node_modules/lib/node_modules/typescript/lib/lib.es2015.iterable.d.ts","/home/wzrdd/.node_modules/lib/node_modules/typescript/lib/lib.es2015.promise.d.ts","/home/wzrdd/.node_modules/lib/node_modules/typescript/lib/lib.es2015.proxy.d.ts","/home/wzrdd/.node_modules/lib/node_modules/typescript/lib/lib.es2015.reflect.d.ts","/home/wzrdd/.node_modules/lib/node_modules/typescript/lib/lib.es2015.symbol.d.ts","/home/wzrdd/.node_modules/lib/node_modules/typescript/lib/lib.es2015.symbol.wellknown.d.ts","/home/wzrdd/.node_modules/lib/node_modules/typescript/lib/lib.es2016.array.include.d.ts","/home/wzrdd/.node_modules/lib/node_modules/typescript/lib/lib.es2016.full.d.ts","/home/wzrdd/Semestre/TIC/proyecto/virtual-port/index.js"],"compilerOptions":{"module":1,"target":3,"jsx":1,"allowJs":true,"allowSyntheticDefaultImports":true,"allowNonTsExtensions":true,"noEmitForJsFiles":true,"maxNodeModuleJsDepth":2},"typeAcquisition":{"enable":true,"include":[],"exclude":[]},"unresolvedImports":[],"projectRootPath":"/home/wzrdd/Semestre/TIC/proyecto/virtual-port","kind":"discover"}
[22:59:14.565] Explicitly included types: []
[22:59:14.565] Inferred typings from unresolved imports: []
[22:59:14.565] Result: {"cachedTypingPaths":[],"newTypingNames":[],"filesToWatch":["/home/wzrdd/Semestre/TIC/proyecto/virtual-port/bower_components","/home/wzrdd/Semestre/TIC/proyecto/virtual-port/node_modules"]}
[22:59:14.565] Finished typings discovery: {"cachedTypingPaths":[],"newTypingNames":[],"filesToWatch":["/home/wzrdd/Semestre/TIC/proyecto/virtual-port/bower_components","/home/wzrdd/Semestre/TIC/proyecto/virtual-port/node_modules"]}
[22:59:14.565] Sending response:
    {"projectName":"/dev/null/inferredProject1*","typeAcquisition":{"enable":true,"include":[],"exclude":[]},"compilerOptions":{"module":1,"target":3,"jsx":1,"allowJs":true,"allowSyntheticDefaultImports":true,"allowNonTsExtensions":true,"noEmitForJsFiles":true,"maxNodeModuleJsDepth":2},"typings":[],"unresolvedImports":[],"kind":"action::set"}
[22:59:14.565] Response has been sent.
[22:59:14.565] No new typings were requested as a result of typings discovery
[22:59:15.140] Got install request {"projectName":"/dev/null/inferredProject1*","fileNames":["/home/wzrdd/.node_modules/lib/node_modules/typescript/lib/lib.es5.d.ts","/home/wzrdd/.node_modules/lib/node_modules/typescript/lib/lib.es2015.d.ts","/home/wzrdd/.node_modules/lib/node_modules/typescript/lib/lib.es2016.d.ts","/home/wzrdd/.node_modules/lib/node_modules/typescript/lib/lib.dom.d.ts","/home/wzrdd/.node_modules/lib/node_modules/typescript/lib/lib.dom.iterable.d.ts","/home/wzrdd/.node_modules/lib/node_modules/typescript/lib/lib.webworker.importscripts.d.ts","/home/wzrdd/.node_modules/lib/node_modules/typescript/lib/lib.scripthost.d.ts","/home/wzrdd/.node_modules/lib/node_modules/typescript/lib/lib.es2015.core.d.ts","/home/wzrdd/.node_modules/lib/node_modules/typescript/lib/lib.es2015.collection.d.ts","/home/wzrdd/.node_modules/lib/node_modules/typescript/lib/lib.es2015.generator.d.ts","/home/wzrdd/.node_modules/lib/node_modules/typescript/lib/lib.es2015.iterable.d.ts","/home/wzrdd/.node_modules/lib/node_modules/typescript/lib/lib.es2015.promise.d.ts","/home/wzrdd/.node_modules/lib/node_modules/typescript/lib/lib.es2015.proxy.d.ts","/home/wzrdd/.node_modules/lib/node_modules/typescript/lib/lib.es2015.reflect.d.ts","/home/wzrdd/.node_modules/lib/node_modules/typescript/lib/lib.es2015.symbol.d.ts","/home/wzrdd/.node_modules/lib/node_modules/typescript/lib/lib.es2015.symbol.wellknown.d.ts","/home/wzrdd/.node_modules/lib/node_modules/typescript/lib/lib.es2016.array.include.d.ts","/home/wzrdd/.node_modules/lib/node_modules/typescript/lib/lib.es2016.full.d.ts","/home/wzrdd/Semestre/TIC/proyecto/virtual-port/index.js"],"compilerOptions":{"module":1,"target":3,"jsx":1,"allowJs":true,"allowSyntheticDefaultImports":true,"allowNonTsExtensions":true,"noEmitForJsFiles":true,"maxNodeModuleJsDepth":2},"typeAcquisition":{"enable":true,"include":[],"exclude":[]},"unresolvedImports":[],"projectRootPath":"/home/wzrdd/Semestre/TIC/proyecto/virtual-port","kind":"discover"}
[22:59:15.140] Explicitly included types: []
[22:59:15.140] Inferred typings from unresolved imports: []
[22:59:15.140] Result: {"cachedTypingPaths":[],"newTypingNames":[],"filesToWatch":["/home/wzrdd/Semestre/TIC/proyecto/virtual-port/bower_components","/home/wzrdd/Semestre/TIC/proyecto/virtual-port/node_modules"]}
[22:59:15.140] Finished typings discovery: {"cachedTypingPaths":[],"newTypingNames":[],"filesToWatch":["/home/wzrdd/Semestre/TIC/proyecto/virtual-port/bower_components","/home/wzrdd/Semestre/TIC/proyecto/virtual-port/node_modules"]}
[22:59:15.140] Sending response:
    {"projectName":"/dev/null/inferredProject1*","typeAcquisition":{"enable":true,"include":[],"exclude":[]},"compilerOptions":{"module":1,"target":3,"jsx":1,"allowJs":true,"allowSyntheticDefaultImports":true,"allowNonTsExtensions":true,"noEmitForJsFiles":true,"maxNodeModuleJsDepth":2},"typings":[],"unresolvedImports":[],"kind":"action::set"}
[22:59:15.141] Response has been sent.
[22:59:15.141] No new typings were requested as a result of typings discovery
[22:59:15.792] Got install request {"projectName":"/dev/null/inferredProject1*","fileNames":["/home/wzrdd/.node_modules/lib/node_modules/typescript/lib/lib.es5.d.ts","/home/wzrdd/.node_modules/lib/node_modules/typescript/lib/lib.es2015.d.ts","/home/wzrdd/.node_modules/lib/node_modules/typescript/lib/lib.es2016.d.ts","/home/wzrdd/.node_modules/lib/node_modules/typescript/lib/lib.dom.d.ts","/home/wzrdd/.node_modules/lib/node_modules/typescript/lib/lib.dom.iterable.d.ts","/home/wzrdd/.node_modules/lib/node_modules/typescript/lib/lib.webworker.importscripts.d.ts","/home/wzrdd/.node_modules/lib/node_modules/typescript/lib/lib.scripthost.d.ts","/home/wzrdd/.node_modules/lib/node_modules/typescript/lib/lib.es2015.core.d.ts","/home/wzrdd/.node_modules/lib/node_modules/typescript/lib/lib.es2015.collection.d.ts","/home/wzrdd/.node_modules/lib/node_modules/typescript/lib/lib.es2015.generator.d.ts","/home/wzrdd/.node_modules/lib/node_modules/typescript/lib/lib.es2015.iterable.d.ts","/home/wzrdd/.node_modules/lib/node_modules/typescript/lib/lib.es2015.promise.d.ts","/home/wzrdd/.node_modules/lib/node_modules/typescript/lib/lib.es2015.proxy.d.ts","/home/wzrdd/.node_modules/lib/node_modules/typescript/lib/lib.es2015.reflect.d.ts","/home/wzrdd/.node_modules/lib/node_modules/typescript/lib/lib.es2015.symbol.d.ts","/home/wzrdd/.node_modules/lib/node_modules/typescript/lib/lib.es2015.symbol.wellknown.d.ts","/home/wzrdd/.node_modules/lib/node_modules/typescript/lib/lib.es2016.array.include.d.ts","/home/wzrdd/.node_modules/lib/node_modules/typescript/lib/lib.es2016.full.d.ts","/home/wzrdd/Semestre/TIC/proyecto/virtual-port/index.js"],"compilerOptions":{"module":1,"target":3,"jsx":1,"allowJs":true,"allowSyntheticDefaultImports":true,"allowNonTsExtensions":true,"noEmitForJsFiles":true,"maxNodeModuleJsDepth":2},"typeAcquisition":{"enable":true,"include":[],"exclude":[]},"unresolvedImports":[],"projectRootPath":"/home/wzrdd/Semestre/TIC/proyecto/virtual-port","kind":"discover"}
[22:59:15.792] Explicitly included types: []
[22:59:15.792] Inferred typings from unresolved imports: []
[22:59:15.792] Result: {"cachedTypingPaths":[],"newTypingNames":[],"filesToWatch":["/home/wzrdd/Semestre/TIC/proyecto/virtual-port/bower_components","/home/wzrdd/Semestre/TIC/proyecto/virtual-port/node_modules"]}
[22:59:15.792] Finished typings discovery: {"cachedTypingPaths":[],"newTypingNames":[],"filesToWatch":["/home/wzrdd/Semestre/TIC/proyecto/virtual-port/bower_components","/home/wzrdd/Semestre/TIC/proyecto/virtual-port/node_modules"]}
[22:59:15.792] Sending response:
    {"projectName":"/dev/null/inferredProject1*","typeAcquisition":{"enable":true,"include":[],"exclude":[]},"compilerOptions":{"module":1,"target":3,"jsx":1,"allowJs":true,"allowSyntheticDefaultImports":true,"allowNonTsExtensions":true,"noEmitForJsFiles":true,"maxNodeModuleJsDepth":2},"typings":[],"unresolvedImports":[],"kind":"action::set"}
[22:59:15.792] Response has been sent.
[22:59:15.792] No new typings were requested as a result of typings discovery
[22:59:16.624] Got install request {"projectName":"/dev/null/inferredProject1*","fileNames":["/home/wzrdd/.node_modules/lib/node_modules/typescript/lib/lib.es5.d.ts","/home/wzrdd/.node_modules/lib/node_modules/typescript/lib/lib.es2015.d.ts","/home/wzrdd/.node_modules/lib/node_modules/typescript/lib/lib.es2016.d.ts","/home/wzrdd/.node_modules/lib/node_modules/typescript/lib/lib.dom.d.ts","/home/wzrdd/.node_modules/lib/node_modules/typescript/lib/lib.dom.iterable.d.ts","/home/wzrdd/.node_modules/lib/node_modules/typescript/lib/lib.webworker.importscripts.d.ts","/home/wzrdd/.node_modules/lib/node_modules/typescript/lib/lib.scripthost.d.ts","/home/wzrdd/.node_modules/lib/node_modules/typescript/lib/lib.es2015.core.d.ts","/home/wzrdd/.node_modules/lib/node_modules/typescript/lib/lib.es2015.collection.d.ts","/home/wzrdd/.node_modules/lib/node_modules/typescript/lib/lib.es2015.generator.d.ts","/home/wzrdd/.node_modules/lib/node_modules/typescript/lib/lib.es2015.iterable.d.ts","/home/wzrdd/.node_modules/lib/node_modules/typescript/lib/lib.es2015.promise.d.ts","/home/wzrdd/.node_modules/lib/node_modules/typescript/lib/lib.es2015.proxy.d.ts","/home/wzrdd/.node_modules/lib/node_modules/typescript/lib/lib.es2015.reflect.d.ts","/home/wzrdd/.node_modules/lib/node_modules/typescript/lib/lib.es2015.symbol.d.ts","/home/wzrdd/.node_modules/lib/node_modules/typescript/lib/lib.es2015.symbol.wellknown.d.ts","/home/wzrdd/.node_modules/lib/node_modules/typescript/lib/lib.es2016.array.include.d.ts","/home/wzrdd/.node_modules/lib/node_modules/typescript/lib/lib.es2016.full.d.ts","/home/wzrdd/Semestre/TIC/proyecto/virtual-port/index.js"],"compilerOptions":{"module":1,"target":3,"jsx":1,"allowJs":true,"allowSyntheticDefaultImports":true,"allowNonTsExtensions":true,"noEmitForJsFiles":true,"maxNodeModuleJsDepth":2},"typeAcquisition":{"enable":true,"include":[],"exclude":[]},"unresolvedImports":[],"projectRootPath":"/home/wzrdd/Semestre/TIC/proyecto/virtual-port","kind":"discover"}
[22:59:16.624] Explicitly included types: []
[22:59:16.625] Inferred typings from unresolved imports: []
[22:59:16.625] Result: {"cachedTypingPaths":[],"newTypingNames":[],"filesToWatch":["/home/wzrdd/Semestre/TIC/proyecto/virtual-port/bower_components","/home/wzrdd/Semestre/TIC/proyecto/virtual-port/node_modules"]}
[22:59:16.625] Finished typings discovery: {"cachedTypingPaths":[],"newTypingNames":[],"filesToWatch":["/home/wzrdd/Semestre/TIC/proyecto/virtual-port/bower_components","/home/wzrdd/Semestre/TIC/proyecto/virtual-port/node_modules"]}
[22:59:16.625] Sending response:
    {"projectName":"/dev/null/inferredProject1*","typeAcquisition":{"enable":true,"include":[],"exclude":[]},"compilerOptions":{"module":1,"target":3,"jsx":1,"allowJs":true,"allowSyntheticDefaultImports":true,"allowNonTsExtensions":true,"noEmitForJsFiles":true,"maxNodeModuleJsDepth":2},"typings":[],"unresolvedImports":[],"kind":"action::set"}
[22:59:16.625] Response has been sent.
[22:59:16.625] No new typings were requested as a result of typings discovery
[23:02:24.475] sysLog:: /home/wzrdd/Semestre/TIC/proyecto/virtual-port/node_modules:: Changing watcher to PresentFileSystemEntryWatcher
[23:02:25.475] sysLog:: onTimerToUpdateChildWatches:: 1
[23:02:25.483] sysLog:: invokingWatchers:: Elapsed:: 7.774387001991272ms:: 0
[23:02:25.483] DirectoryWatcher:: Triggered with /home/wzrdd/Semestre/TIC/proyecto/virtual-port/node_modules :: WatchInfo: /home/wzrdd/Semestre/TIC/proyecto/virtual-port/node_modules 1 undefined Project: /dev/null/inferredProject1* watcher already invoked: false
[23:02:25.484] Elapsed:: 0.055567000061273575ms DirectoryWatcher:: Triggered with /home/wzrdd/Semestre/TIC/proyecto/virtual-port/node_modules :: WatchInfo: /home/wzrdd/Semestre/TIC/proyecto/virtual-port/node_modules 1 undefined Project: /dev/null/inferredProject1* watcher already invoked: false
[23:02:25.484] sysLog:: Elapsed:: 8.138365000486374ms:: onTimerToUpdateChildWatches:: 0 undefined
[23:02:27.302] Got install request {"projectName":"/dev/null/inferredProject1*","fileNames":["/home/wzrdd/.node_modules/lib/node_modules/typescript/lib/lib.es5.d.ts","/home/wzrdd/.node_modules/lib/node_modules/typescript/lib/lib.es2015.d.ts","/home/wzrdd/.node_modules/lib/node_modules/typescript/lib/lib.es2016.d.ts","/home/wzrdd/.node_modules/lib/node_modules/typescript/lib/lib.dom.d.ts","/home/wzrdd/.node_modules/lib/node_modules/typescript/lib/lib.dom.iterable.d.ts","/home/wzrdd/.node_modules/lib/node_modules/typescript/lib/lib.webworker.importscripts.d.ts","/home/wzrdd/.node_modules/lib/node_modules/typescript/lib/lib.scripthost.d.ts","/home/wzrdd/.node_modules/lib/node_modules/typescript/lib/lib.es2015.core.d.ts","/home/wzrdd/.node_modules/lib/node_modules/typescript/lib/lib.es2015.collection.d.ts","/home/wzrdd/.node_modules/lib/node_modules/typescript/lib/lib.es2015.generator.d.ts","/home/wzrdd/.node_modules/lib/node_modules/typescript/lib/lib.es2015.iterable.d.ts","/home/wzrdd/.node_modules/lib/node_modules/typescript/lib/lib.es2015.promise.d.ts","/home/wzrdd/.node_modules/lib/node_modules/typescript/lib/lib.es2015.proxy.d.ts","/home/wzrdd/.node_modules/lib/node_modules/typescript/lib/lib.es2015.reflect.d.ts","/home/wzrdd/.node_modules/lib/node_modules/typescript/lib/lib.es2015.symbol.d.ts","/home/wzrdd/.node_modules/lib/node_modules/typescript/lib/lib.es2015.symbol.wellknown.d.ts","/home/wzrdd/.node_modules/lib/node_modules/typescript/lib/lib.es2016.array.include.d.ts","/home/wzrdd/.node_modules/lib/node_modules/typescript/lib/lib.es2016.full.d.ts","/home/wzrdd/Semestre/TIC/proyecto/virtual-port/index.js"],"compilerOptions":{"module":1,"target":3,"jsx":1,"allowJs":true,"allowSyntheticDefaultImports":true,"allowNonTsExtensions":true,"noEmitForJsFiles":true,"maxNodeModuleJsDepth":2},"typeAcquisition":{"enable":true,"include":[],"exclude":[]},"unresolvedImports":[],"projectRootPath":"/home/wzrdd/Semestre/TIC/proyecto/virtual-port","kind":"discover"}
[23:02:27.302] Explicitly included types: []
[23:02:27.303] Typing names in '/home/wzrdd/Semestre/TIC/proyecto/virtual-port/package.json' dependencies: ["serialport"]
[23:02:27.304] Searching for typing names in /home/wzrdd/Semestre/TIC/proyecto/virtual-port/node_modules; all files: ["/home/wzrdd/Semestre/TIC/proyecto/virtual-port/node_modules/.package-lock.json","/home/wzrdd/Semestre/TIC/proyecto/virtual-port/node_modules/debug/package.json","/home/wzrdd/Semestre/TIC/proyecto/virtual-port/node_modules/ms/package.json","/home/wzrdd/Semestre/TIC/proyecto/virtual-port/node_modules/node-addon-api/package-support.json","/home/wzrdd/Semestre/TIC/proyecto/virtual-port/node_modules/node-addon-api/package.json","/home/wzrdd/Semestre/TIC/proyecto/virtual-port/node_modules/node-gyp-build/package.json","/home/wzrdd/Semestre/TIC/proyecto/virtual-port/node_modules/serialport/package.json"]
[23:02:27.313]     Package 'serialport' provides its own types.
[23:02:27.313]     Found package names: ["debug","ms","node-addon-api","node-gyp-build"]
[23:02:27.313] Inferred typings from unresolved imports: []
[23:02:27.313] Result: {"cachedTypingPaths":["/home/wzrdd/Semestre/TIC/proyecto/virtual-port/node_modules/serialport/dist/index.d.ts","/home/wzrdd/.cache/typescript/4.4/node_modules/@types/debug/index.d.ts","/home/wzrdd/.cache/typescript/4.4/node_modules/@types/ms/index.d.ts"],"newTypingNames":["node-addon-api","node-gyp-build"],"filesToWatch":["/home/wzrdd/Semestre/TIC/proyecto/virtual-port/package.json","/home/wzrdd/Semestre/TIC/proyecto/virtual-port/bower_components","/home/wzrdd/Semestre/TIC/proyecto/virtual-port/node_modules"]}
[23:02:27.314] Finished typings discovery: {"cachedTypingPaths":["/home/wzrdd/Semestre/TIC/proyecto/virtual-port/node_modules/serialport/dist/index.d.ts","/home/wzrdd/.cache/typescript/4.4/node_modules/@types/debug/index.d.ts","/home/wzrdd/.cache/typescript/4.4/node_modules/@types/ms/index.d.ts"],"newTypingNames":["node-addon-api","node-gyp-build"],"filesToWatch":["/home/wzrdd/Semestre/TIC/proyecto/virtual-port/package.json","/home/wzrdd/Semestre/TIC/proyecto/virtual-port/bower_components","/home/wzrdd/Semestre/TIC/proyecto/virtual-port/node_modules"]}
[23:02:27.314] FileWatcher:: Added:: WatchInfo: /home/wzrdd/Semestre/TIC/proyecto/virtual-port/package.json
[23:02:27.314] FileWatcher:: Added:: WatchInfo: /home/wzrdd/Semestre/TIC/proyecto/virtual-port/package.json 2000 undefined Project: /dev/null/inferredProject1* watcher already invoked: false
[23:02:27.314] Installing typings ["node-addon-api","node-gyp-build"]
[23:02:27.314] 'node-addon-api':: Entry for package 'node-addon-api' does not exist in local types registry - skipping...
[23:02:27.314] 'node-gyp-build':: Entry for package 'node-gyp-build' does not exist in local types registry - skipping...
[23:02:27.314] All typings are known to be missing or invalid - no need to install more typings
[23:02:27.314] Sending response:
    {"projectName":"/dev/null/inferredProject1*","typeAcquisition":{"enable":true,"include":[],"exclude":[]},"compilerOptions":{"module":1,"target":3,"jsx":1,"allowJs":true,"allowSyntheticDefaultImports":true,"allowNonTsExtensions":true,"noEmitForJsFiles":true,"maxNodeModuleJsDepth":2},"typings":["/home/wzrdd/Semestre/TIC/proyecto/virtual-port/node_modules/serialport/dist/index.d.ts","/home/wzrdd/.cache/typescript/4.4/node_modules/@types/debug/index.d.ts","/home/wzrdd/.cache/typescript/4.4/node_modules/@types/ms/index.d.ts"],"unresolvedImports":[],"kind":"action::set"}
[23:02:27.314] Response has been sent.
[23:02:27.693] Got install request {"projectName":"/dev/null/inferredProject1*","fileNames":["/home/wzrdd/.node_modules/lib/node_modules/typescript/lib/lib.es5.d.ts","/home/wzrdd/.node_modules/lib/node_modules/typescript/lib/lib.es2015.d.ts","/home/wzrdd/.node_modules/lib/node_modules/typescript/lib/lib.es2016.d.ts","/home/wzrdd/.node_modules/lib/node_modules/typescript/lib/lib.dom.d.ts","/home/wzrdd/.node_modules/lib/node_modules/typescript/lib/lib.dom.iterable.d.ts","/home/wzrdd/.node_modules/lib/node_modules/typescript/lib/lib.webworker.importscripts.d.ts","/home/wzrdd/.node_modules/lib/node_modules/typescript/lib/lib.scripthost.d.ts","/home/wzrdd/.node_modules/lib/node_modules/typescript/lib/lib.es2015.core.d.ts","/home/wzrdd/.node_modules/lib/node_modules/typescript/lib/lib.es2015.collection.d.ts","/home/wzrdd/.node_modules/lib/node_modules/typescript/lib/lib.es2015.generator.d.ts","/home/wzrdd/.node_modules/lib/node_modules/typescript/lib/lib.es2015.iterable.d.ts","/home/wzrdd/.node_modules/lib/node_modules/typescript/lib/lib.es2015.promise.d.ts","/home/wzrdd/.node_modules/lib/node_modules/typescript/lib/lib.es2015.proxy.d.ts","/home/wzrdd/.node_modules/lib/node_modules/typescript/lib/lib.es2015.reflect.d.ts","/home/wzrdd/.node_modules/lib/node_modules/typescript/lib/lib.es2015.symbol.d.ts","/home/wzrdd/.node_modules/lib/node_modules/typescript/lib/lib.es2015.symbol.wellknown.d.ts","/home/wzrdd/.node_modules/lib/node_modules/typescript/lib/lib.es2016.array.include.d.ts","/home/wzrdd/.node_modules/lib/node_modules/typescript/lib/lib.es2016.full.d.ts","/home/wzrdd/Semestre/TIC/proyecto/virtual-port/node_modules/serialport/dist/index.d.ts","/home/wzrdd/Semestre/TIC/proyecto/virtual-port/index.js","/home/wzrdd/.cache/typescript/4.4/node_modules/@types/ms/index.d.ts","/home/wzrdd/.cache/typescript/4.4/node_modules/@types/debug/index.d.ts"],"compilerOptions":{"module":1,"target":3,"jsx":1,"allowJs":true,"allowSyntheticDefaultImports":true,"allowNonTsExtensions":true,"noEmitForJsFiles":true,"maxNodeModuleJsDepth":2},"typeAcquisition":{"enable":true,"include":[],"exclude":[]},"unresolvedImports":[],"projectRootPath":"/home/wzrdd/Semestre/TIC/proyecto/virtual-port","kind":"discover"}
[23:02:27.693] Explicitly included types: []
[23:02:27.694] Typing names in '/home/wzrdd/Semestre/TIC/proyecto/virtual-port/package.json' dependencies: ["serialport"]
[23:02:27.694] Searching for typing names in /home/wzrdd/Semestre/TIC/proyecto/virtual-port/node_modules; all files: ["/home/wzrdd/Semestre/TIC/proyecto/virtual-port/node_modules/.package-lock.json","/home/wzrdd/Semestre/TIC/proyecto/virtual-port/node_modules/debug/package.json","/home/wzrdd/Semestre/TIC/proyecto/virtual-port/node_modules/ms/package.json","/home/wzrdd/Semestre/TIC/proyecto/virtual-port/node_modules/node-addon-api/package-support.json","/home/wzrdd/Semestre/TIC/proyecto/virtual-port/node_modules/node-addon-api/package.json","/home/wzrdd/Semestre/TIC/proyecto/virtual-port/node_modules/node-gyp-build/package.json","/home/wzrdd/Semestre/TIC/proyecto/virtual-port/node_modules/serialport/package.json"]
[23:02:27.703]     Package 'serialport' provides its own types.
[23:02:27.703]     Found package names: ["debug","ms","node-addon-api","node-gyp-build"]
[23:02:27.703] Inferred typings from unresolved imports: []
[23:02:27.703] Result: {"cachedTypingPaths":["/home/wzrdd/Semestre/TIC/proyecto/virtual-port/node_modules/serialport/dist/index.d.ts","/home/wzrdd/.cache/typescript/4.4/node_modules/@types/debug/index.d.ts","/home/wzrdd/.cache/typescript/4.4/node_modules/@types/ms/index.d.ts"],"newTypingNames":["node-addon-api","node-gyp-build"],"filesToWatch":["/home/wzrdd/Semestre/TIC/proyecto/virtual-port/package.json","/home/wzrdd/Semestre/TIC/proyecto/virtual-port/bower_components","/home/wzrdd/Semestre/TIC/proyecto/virtual-port/node_modules"]}
[23:02:27.703] Finished typings discovery: {"cachedTypingPaths":["/home/wzrdd/Semestre/TIC/proyecto/virtual-port/node_modules/serialport/dist/index.d.ts","/home/wzrdd/.cache/typescript/4.4/node_modules/@types/debug/index.d.ts","/home/wzrdd/.cache/typescript/4.4/node_modules/@types/ms/index.d.ts"],"newTypingNames":["node-addon-api","node-gyp-build"],"filesToWatch":["/home/wzrdd/Semestre/TIC/proyecto/virtual-port/package.json","/home/wzrdd/Semestre/TIC/proyecto/virtual-port/bower_components","/home/wzrdd/Semestre/TIC/proyecto/virtual-port/node_modules"]}
[23:02:27.703] Installing typings ["node-addon-api","node-gyp-build"]
[23:02:27.704] 'node-addon-api':: Entry for package 'node-addon-api' does not exist in local types registry - skipping...
[23:02:27.704] 'node-gyp-build':: Entry for package 'node-gyp-build' does not exist in local types registry - skipping...
[23:02:27.704] All typings are known to be missing or invalid - no need to install more typings
[23:02:27.704] Sending response:
    {"projectName":"/dev/null/inferredProject1*","typeAcquisition":{"enable":true,"include":[],"exclude":[]},"compilerOptions":{"module":1,"target":3,"jsx":1,"allowJs":true,"allowSyntheticDefaultImports":true,"allowNonTsExtensions":true,"noEmitForJsFiles":true,"maxNodeModuleJsDepth":2},"typings":["/home/wzrdd/Semestre/TIC/proyecto/virtual-port/node_modules/serialport/dist/index.d.ts","/home/wzrdd/.cache/typescript/4.4/node_modules/@types/debug/index.d.ts","/home/wzrdd/.cache/typescript/4.4/node_modules/@types/ms/index.d.ts"],"unresolvedImports":[],"kind":"action::set"}
[23:02:27.704] Response has been sent.
[23:17:02.965] Got install request {"projectName":"/dev/null/inferredProject1*","fileNames":["/home/wzrdd/.node_modules/lib/node_modules/typescript/lib/lib.es5.d.ts","/home/wzrdd/.node_modules/lib/node_modules/typescript/lib/lib.es2015.d.ts","/home/wzrdd/.node_modules/lib/node_modules/typescript/lib/lib.es2016.d.ts","/home/wzrdd/.node_modules/lib/node_modules/typescript/lib/lib.dom.d.ts","/home/wzrdd/.node_modules/lib/node_modules/typescript/lib/lib.dom.iterable.d.ts","/home/wzrdd/.node_modules/lib/node_modules/typescript/lib/lib.webworker.importscripts.d.ts","/home/wzrdd/.node_modules/lib/node_modules/typescript/lib/lib.scripthost.d.ts","/home/wzrdd/.node_modules/lib/node_modules/typescript/lib/lib.es2015.core.d.ts","/home/wzrdd/.node_modules/lib/node_modules/typescript/lib/lib.es2015.collection.d.ts","/home/wzrdd/.node_modules/lib/node_modules/typescript/lib/lib.es2015.generator.d.ts","/home/wzrdd/.node_modules/lib/node_modules/typescript/lib/lib.es2015.iterable.d.ts","/home/wzrdd/.node_modules/lib/node_modules/typescript/lib/lib.es2015.promise.d.ts","/home/wzrdd/.node_modules/lib/node_modules/typescript/lib/lib.es2015.proxy.d.ts","/home/wzrdd/.node_modules/lib/node_modules/typescript/lib/lib.es2015.reflect.d.ts","/home/wzrdd/.node_modules/lib/node_modules/typescript/lib/lib.es2015.symbol.d.ts","/home/wzrdd/.node_modules/lib/node_modules/typescript/lib/lib.es2015.symbol.wellknown.d.ts","/home/wzrdd/.node_modules/lib/node_modules/typescript/lib/lib.es2016.array.include.d.ts","/home/wzrdd/.node_modules/lib/node_modules/typescript/lib/lib.es2016.full.d.ts","/home/wzrdd/Semestre/TIC/proyecto/virtual-port/node_modules/serialport/dist/index.d.ts","/home/wzrdd/Semestre/TIC/proyecto/virtual-port/index.js","/home/wzrdd/.cache/typescript/4.4/node_modules/@types/ms/index.d.ts","/home/wzrdd/.cache/typescript/4.4/node_modules/@types/debug/index.d.ts"],"compilerOptions":{"module":1,"target":3,"jsx":1,"allowJs":true,"allowSyntheticDefaultImports":true,"allowNonTsExtensions":true,"noEmitForJsFiles":true,"maxNodeModuleJsDepth":2},"typeAcquisition":{"enable":true,"include":[],"exclude":[]},"unresolvedImports":["socket.io"],"projectRootPath":"/home/wzrdd/Semestre/TIC/proyecto/virtual-port","kind":"discover"}
[23:17:02.965] Explicitly included types: []
[23:17:02.965] Typing names in '/home/wzrdd/Semestre/TIC/proyecto/virtual-port/package.json' dependencies: ["serialport"]
[23:17:02.966] Searching for typing names in /home/wzrdd/Semestre/TIC/proyecto/virtual-port/node_modules; all files: ["/home/wzrdd/Semestre/TIC/proyecto/virtual-port/node_modules/.package-lock.json","/home/wzrdd/Semestre/TIC/proyecto/virtual-port/node_modules/debug/package.json","/home/wzrdd/Semestre/TIC/proyecto/virtual-port/node_modules/ms/package.json","/home/wzrdd/Semestre/TIC/proyecto/virtual-port/node_modules/node-addon-api/package-support.json","/home/wzrdd/Semestre/TIC/proyecto/virtual-port/node_modules/node-addon-api/package.json","/home/wzrdd/Semestre/TIC/proyecto/virtual-port/node_modules/node-gyp-build/package.json","/home/wzrdd/Semestre/TIC/proyecto/virtual-port/node_modules/serialport/package.json"]
[23:17:02.976]     Package 'serialport' provides its own types.
[23:17:02.976]     Found package names: ["debug","ms","node-addon-api","node-gyp-build"]
[23:17:02.977] Inferred typings from unresolved imports: ["socket.io"]
[23:17:02.977] Result: {"cachedTypingPaths":["/home/wzrdd/Semestre/TIC/proyecto/virtual-port/node_modules/serialport/dist/index.d.ts","/home/wzrdd/.cache/typescript/4.4/node_modules/@types/debug/index.d.ts","/home/wzrdd/.cache/typescript/4.4/node_modules/@types/ms/index.d.ts"],"newTypingNames":["node-addon-api","node-gyp-build","socket.io"],"filesToWatch":["/home/wzrdd/Semestre/TIC/proyecto/virtual-port/package.json","/home/wzrdd/Semestre/TIC/proyecto/virtual-port/bower_components","/home/wzrdd/Semestre/TIC/proyecto/virtual-port/node_modules"]}
[23:17:02.977] Finished typings discovery: {"cachedTypingPaths":["/home/wzrdd/Semestre/TIC/proyecto/virtual-port/node_modules/serialport/dist/index.d.ts","/home/wzrdd/.cache/typescript/4.4/node_modules/@types/debug/index.d.ts","/home/wzrdd/.cache/typescript/4.4/node_modules/@types/ms/index.d.ts"],"newTypingNames":["node-addon-api","node-gyp-build","socket.io"],"filesToWatch":["/home/wzrdd/Semestre/TIC/proyecto/virtual-port/package.json","/home/wzrdd/Semestre/TIC/proyecto/virtual-port/bower_components","/home/wzrdd/Semestre/TIC/proyecto/virtual-port/node_modules"]}
[23:17:02.977] Installing typings ["node-addon-api","node-gyp-build","socket.io"]
[23:17:02.977] 'node-addon-api':: Entry for package 'node-addon-api' does not exist in local types registry - skipping...
[23:17:02.977] 'node-gyp-build':: Entry for package 'node-gyp-build' does not exist in local types registry - skipping...
[23:17:02.977] 'socket.io':: Entry for package 'socket.io' does not exist in local types registry - skipping...
[23:17:02.977] All typings are known to be missing or invalid - no need to install more typings
[23:17:02.978] Sending response:
    {"projectName":"/dev/null/inferredProject1*","typeAcquisition":{"enable":true,"include":[],"exclude":[]},"compilerOptions":{"module":1,"target":3,"jsx":1,"allowJs":true,"allowSyntheticDefaultImports":true,"allowNonTsExtensions":true,"noEmitForJsFiles":true,"maxNodeModuleJsDepth":2},"typings":["/home/wzrdd/Semestre/TIC/proyecto/virtual-port/node_modules/serialport/dist/index.d.ts","/home/wzrdd/.cache/typescript/4.4/node_modules/@types/debug/index.d.ts","/home/wzrdd/.cache/typescript/4.4/node_modules/@types/ms/index.d.ts"],"unresolvedImports":["socket.io"],"kind":"action::set"}
[23:17:02.978] Response has been sent.
[23:28:31.561] FileWatcher:: Triggered with /home/wzrdd/Semestre/TIC/proyecto/virtual-port/package.json 1:: WatchInfo: /home/wzrdd/Semestre/TIC/proyecto/virtual-port/package.json 2000 undefined Project: /dev/null/inferredProject1* watcher already invoked: false
[23:28:31.561] Sending response:
    {"projectName":"/dev/null/inferredProject1*","kind":"action::invalidate"}
[23:28:31.562] Response has been sent.
[23:28:31.562] Elapsed:: 0.1830880008637905ms FileWatcher:: Triggered with /home/wzrdd/Semestre/TIC/proyecto/virtual-port/package.json 1:: WatchInfo: /home/wzrdd/Semestre/TIC/proyecto/virtual-port/package.json 2000 undefined Project: /dev/null/inferredProject1* watcher already invoked: false
[23:28:31.664] Got install request {"projectName":"/dev/null/inferredProject1*","fileNames":["/home/wzrdd/.node_modules/lib/node_modules/typescript/lib/lib.es5.d.ts","/home/wzrdd/.node_modules/lib/node_modules/typescript/lib/lib.es2015.d.ts","/home/wzrdd/.node_modules/lib/node_modules/typescript/lib/lib.es2016.d.ts","/home/wzrdd/.node_modules/lib/node_modules/typescript/lib/lib.dom.d.ts","/home/wzrdd/.node_modules/lib/node_modules/typescript/lib/lib.dom.iterable.d.ts","/home/wzrdd/.node_modules/lib/node_modules/typescript/lib/lib.webworker.importscripts.d.ts","/home/wzrdd/.node_modules/lib/node_modules/typescript/lib/lib.scripthost.d.ts","/home/wzrdd/.node_modules/lib/node_modules/typescript/lib/lib.es2015.core.d.ts","/home/wzrdd/.node_modules/lib/node_modules/typescript/lib/lib.es2015.collection.d.ts","/home/wzrdd/.node_modules/lib/node_modules/typescript/lib/lib.es2015.generator.d.ts","/home/wzrdd/.node_modules/lib/node_modules/typescript/lib/lib.es2015.iterable.d.ts","/home/wzrdd/.node_modules/lib/node_modules/typescript/lib/lib.es2015.promise.d.ts","/home/wzrdd/.node_modules/lib/node_modules/typescript/lib/lib.es2015.proxy.d.ts","/home/wzrdd/.node_modules/lib/node_modules/typescript/lib/lib.es2015.reflect.d.ts","/home/wzrdd/.node_modules/lib/node_modules/typescript/lib/lib.es2015.symbol.d.ts","/home/wzrdd/.node_modules/lib/node_modules/typescript/lib/lib.es2015.symbol.wellknown.d.ts","/home/wzrdd/.node_modules/lib/node_modules/typescript/lib/lib.es2016.array.include.d.ts","/home/wzrdd/.node_modules/lib/node_modules/typescript/lib/lib.es2016.full.d.ts","/home/wzrdd/Semestre/TIC/proyecto/virtual-port/node_modules/serialport/dist/index.d.ts","/home/wzrdd/Semestre/TIC/proyecto/virtual-port/index.js","/home/wzrdd/.cache/typescript/4.4/node_modules/@types/ms/index.d.ts","/home/wzrdd/.cache/typescript/4.4/node_modules/@types/debug/index.d.ts"],"compilerOptions":{"module":1,"target":3,"jsx":1,"allowJs":true,"allowSyntheticDefaultImports":true,"allowNonTsExtensions":true,"noEmitForJsFiles":true,"maxNodeModuleJsDepth":2},"typeAcquisition":{"enable":true,"include":[],"exclude":[]},"unresolvedImports":["socket.io"],"projectRootPath":"/home/wzrdd/Semestre/TIC/proyecto/virtual-port","kind":"discover"}
[23:28:31.664] Explicitly included types: []
[23:28:31.665] Typing names in '/home/wzrdd/Semestre/TIC/proyecto/virtual-port/package.json' dependencies: ["serialport","socket.io"]
[23:28:31.666] Searching for typing names in /home/wzrdd/Semestre/TIC/proyecto/virtual-port/node_modules; all files: ["/home/wzrdd/Semestre/TIC/proyecto/virtual-port/node_modules/.package-lock.json","/home/wzrdd/Semestre/TIC/proyecto/virtual-port/node_modules/accepts/package.json","/home/wzrdd/Semestre/TIC/proyecto/virtual-port/node_modules/base64id/package.json","/home/wzrdd/Semestre/TIC/proyecto/virtual-port/node_modules/cookie/package.json","/home/wzrdd/Semestre/TIC/proyecto/virtual-port/node_modules/cors/package.json","/home/wzrdd/Semestre/TIC/proyecto/virtual-port/node_modules/debug/package.json","/home/wzrdd/Semestre/TIC/proyecto/virtual-port/node_modules/engine.io/package.json","/home/wzrdd/Semestre/TIC/proyecto/virtual-port/node_modules/engine.io-parser/package.json","/home/wzrdd/Semestre/TIC/proyecto/virtual-port/node_modules/mime-db/db.json","/home/wzrdd/Semestre/TIC/proyecto/virtual-port/node_modules/mime-db/package.json","/home/wzrdd/Semestre/TIC/proyecto/virtual-port/node_modules/mime-types/package.json","/home/wzrdd/Semestre/TIC/proyecto/virtual-port/node_modules/ms/package.json","/home/wzrdd/Semestre/TIC/proyecto/virtual-port/node_modules/negotiator/package.json","/home/wzrdd/Semestre/TIC/proyecto/virtual-port/node_modules/node-addon-api/package-support.json","/home/wzrdd/Semestre/TIC/proyecto/virtual-port/node_modules/node-addon-api/package.json","/home/wzrdd/Semestre/TIC/proyecto/virtual-port/node_modules/node-gyp-build/package.json","/home/wzrdd/Semestre/TIC/proyecto/virtual-port/node_modules/object-assign/package.json","/home/wzrdd/Semestre/TIC/proyecto/virtual-port/node_modules/serialport/package.json","/home/wzrdd/Semestre/TIC/proyecto/virtual-port/node_modules/socket.io/package.json","/home/wzrdd/Semestre/TIC/proyecto/virtual-port/node_modules/socket.io-adapter/package.json","/home/wzrdd/Semestre/TIC/proyecto/virtual-port/node_modules/socket.io-parser/package.json","/home/wzrdd/Semestre/TIC/proyecto/virtual-port/node_modules/vary/package.json","/home/wzrdd/Semestre/TIC/proyecto/virtual-port/node_modules/ws/package.json"]
[23:28:31.684]     Package 'engine.io' provides its own types.
[23:28:31.685]     Package 'engine.io-parser' provides its own types.
[23:28:31.708]     Package 'serialport' provides its own types.
[23:28:31.715]     Package 'socket.io' provides its own types.
[23:28:31.720]     Package 'socket.io-adapter' provides its own types.
[23:28:31.734]     Package 'socket.io-parser' provides its own types.
[23:28:31.734]     Found package names: ["accepts","base64id","cookie","cors","debug","mime-db","mime-types","ms","negotiator","node-addon-api","node-gyp-build","object-assign","vary","ws"]
[23:28:31.738] Inferred typings from unresolved imports: ["socket.io"]
[23:28:31.738] Result: {"cachedTypingPaths":["/home/wzrdd/Semestre/TIC/proyecto/virtual-port/node_modules/serialport/dist/index.d.ts","/home/wzrdd/Semestre/TIC/proyecto/virtual-port/node_modules/socket.io/dist/index.d.ts","/home/wzrdd/Semestre/TIC/proyecto/virtual-port/node_modules/engine.io/build/engine.io.d.ts","/home/wzrdd/Semestre/TIC/proyecto/virtual-port/node_modules/engine.io-parser/build/esm/index.d.ts","/home/wzrdd/Semestre/TIC/proyecto/virtual-port/node_modules/socket.io-adapter/dist/index.d.ts","/home/wzrdd/Semestre/TIC/proyecto/virtual-port/node_modules/socket.io-parser/build/esm/index.d.ts","/home/wzrdd/.cache/typescript/4.4/node_modules/@types/accepts/index.d.ts","/home/wzrdd/.cache/typescript/4.4/node_modules/@types/base64id/index.d.ts","/home/wzrdd/.cache/typescript/4.4/node_modules/@types/cookie/index.d.ts","/home/wzrdd/.cache/typescript/4.4/node_modules/@types/cors/index.d.ts","/home/wzrdd/.cache/typescript/4.4/node_modules/@types/debug/index.d.ts","/home/wzrdd/.cache/typescript/4.4/node_modules/@types/mime-db/index.d.ts","/home/wzrdd/.cache/typescript/4.4/node_modules/@types/mime-types/index.d.ts","/home/wzrdd/.cache/typescript/4.4/node_modules/@types/ms/index.d.ts","/home/wzrdd/.cache/typescript/4.4/node_modules/@types/negotiator/index.d.ts","/home/wzrdd/.cache/typescript/4.4/node_modules/@types/object-assign/index.d.ts","/home/wzrdd/.cache/typescript/4.4/node_modules/@types/vary/index.d.ts","/home/wzrdd/.cache/typescript/4.4/node_modules/@types/ws/index.d.ts"],"newTypingNames":["node-addon-api","node-gyp-build"],"filesToWatch":["/home/wzrdd/Semestre/TIC/proyecto/virtual-port/package.json","/home/wzrdd/Semestre/TIC/proyecto/virtual-port/bower_components","/home/wzrdd/Semestre/TIC/proyecto/virtual-port/node_modules"]}
[23:28:31.738] Finished typings discovery: {"cachedTypingPaths":["/home/wzrdd/Semestre/TIC/proyecto/virtual-port/node_modules/serialport/dist/index.d.ts","/home/wzrdd/Semestre/TIC/proyecto/virtual-port/node_modules/socket.io/dist/index.d.ts","/home/wzrdd/Semestre/TIC/proyecto/virtual-port/node_modules/engine.io/build/engine.io.d.ts","/home/wzrdd/Semestre/TIC/proyecto/virtual-port/node_modules/engine.io-parser/build/esm/index.d.ts","/home/wzrdd/Semestre/TIC/proyecto/virtual-port/node_modules/socket.io-adapter/dist/index.d.ts","/home/wzrdd/Semestre/TIC/proyecto/virtual-port/node_modules/socket.io-parser/build/esm/index.d.ts","/home/wzrdd/.cache/typescript/4.4/node_modules/@types/accepts/index.d.ts","/home/wzrdd/.cache/typescript/4.4/node_modules/@types/base64id/index.d.ts","/home/wzrdd/.cache/typescript/4.4/node_modules/@types/cookie/index.d.ts","/home/wzrdd/.cache/typescript/4.4/node_modules/@types/cors/index.d.ts","/home/wzrdd/.cache/typescript/4.4/node_modules/@types/debug/index.d.ts","/home/wzrdd/.cache/typescript/4.4/node_modules/@types/mime-db/index.d.ts","/home/wzrdd/.cache/typescript/4.4/node_modules/@types/mime-types/index.d.ts","/home/wzrdd/.cache/typescript/4.4/node_modules/@types/ms/index.d.ts","/home/wzrdd/.cache/typescript/4.4/node_modules/@types/negotiator/index.d.ts","/home/wzrdd/.cache/typescript/4.4/node_modules/@types/object-assign/index.d.ts","/home/wzrdd/.cache/typescript/4.4/node_modules/@types/vary/index.d.ts","/home/wzrdd/.cache/typescript/4.4/node_modules/@types/ws/index.d.ts"],"newTypingNames":["node-addon-api","node-gyp-build"],"filesToWatch":["/home/wzrdd/Semestre/TIC/proyecto/virtual-port/package.json","/home/wzrdd/Semestre/TIC/proyecto/virtual-port/bower_components","/home/wzrdd/Semestre/TIC/proyecto/virtual-port/node_modules"]}
[23:28:31.739] Installing typings ["node-addon-api","node-gyp-build"]
[23:28:31.739] 'node-addon-api':: Entry for package 'node-addon-api' does not exist in local types registry - skipping...
[23:28:31.739] 'node-gyp-build':: Entry for package 'node-gyp-build' does not exist in local types registry - skipping...
[23:28:31.739] All typings are known to be missing or invalid - no need to install more typings
[23:28:31.739] Sending response:
    {"projectName":"/dev/null/inferredProject1*","typeAcquisition":{"enable":true,"include":[],"exclude":[]},"compilerOptions":{"module":1,"target":3,"jsx":1,"allowJs":true,"allowSyntheticDefaultImports":true,"allowNonTsExtensions":true,"noEmitForJsFiles":true,"maxNodeModuleJsDepth":2},"typings":["/home/wzrdd/Semestre/TIC/proyecto/virtual-port/node_modules/serialport/dist/index.d.ts","/home/wzrdd/Semestre/TIC/proyecto/virtual-port/node_modules/socket.io/dist/index.d.ts","/home/wzrdd/Semestre/TIC/proyecto/virtual-port/node_modules/engine.io/build/engine.io.d.ts","/home/wzrdd/Semestre/TIC/proyecto/virtual-port/node_modules/engine.io-parser/build/esm/index.d.ts","/home/wzrdd/Semestre/TIC/proyecto/virtual-port/node_modules/socket.io-adapter/dist/index.d.ts","/home/wzrdd/Semestre/TIC/proyecto/virtual-port/node_modules/socket.io-parser/build/esm/index.d.ts","/home/wzrdd/.cache/typescript/4.4/node_modules/@types/accepts/index.d.ts","/home/wzrdd/.cache/typescript/4.4/node_modules/@types/base64id/index.d.ts","/home/wzrdd/.cache/typescript/4.4/node_modules/@types/cookie/index.d.ts","/home/wzrdd/.cache/typescript/4.4/node_modules/@types/cors/index.d.ts","/home/wzrdd/.cache/typescript/4.4/node_modules/@types/debug/index.d.ts","/home/wzrdd/.cache/typescript/4.4/node_modules/@types/mime-db/index.d.ts","/home/wzrdd/.cache/typescript/4.4/node_modules/@types/mime-types/index.d.ts","/home/wzrdd/.cache/typescript/4.4/node_modules/@types/ms/index.d.ts","/home/wzrdd/.cache/typescript/4.4/node_modules/@types/negotiator/index.d.ts","/home/wzrdd/.cache/typescript/4.4/node_modules/@types/object-assign/index.d.ts","/home/wzrdd/.cache/typescript/4.4/node_modules/@types/vary/index.d.ts","/home/wzrdd/.cache/typescript/4.4/node_modules/@types/ws/index.d.ts"],"unresolvedImports":["socket.io"],"kind":"action::set"}
[23:28:31.740] Response has been sent.
[23:28:31.923] sysLog:: onTimerToUpdateChildWatches:: 1
[23:28:31.936] sysLog:: invokingWatchers:: Elapsed:: 13.182461000978947ms:: 0
[23:28:31.936] DirectoryWatcher:: Triggered with /home/wzrdd/Semestre/TIC/proyecto/virtual-port/node_modules :: WatchInfo: /home/wzrdd/Semestre/TIC/proyecto/virtual-port/node_modules 1 undefined Project: /dev/null/inferredProject1* watcher already invoked: false
[23:28:31.936] Elapsed:: 0.009188000112771988ms DirectoryWatcher:: Triggered with /home/wzrdd/Semestre/TIC/proyecto/virtual-port/node_modules :: WatchInfo: /home/wzrdd/Semestre/TIC/proyecto/virtual-port/node_modules 1 undefined Project: /dev/null/inferredProject1* watcher already invoked: false
[23:28:31.936] sysLog:: Elapsed:: 13.328140001744032ms:: onTimerToUpdateChildWatches:: 0 undefined
[23:28:33.152] Got install request {"projectName":"/dev/null/inferredProject1*","fileNames":["/home/wzrdd/.node_modules/lib/node_modules/typescript/lib/lib.es5.d.ts","/home/wzrdd/.node_modules/lib/node_modules/typescript/lib/lib.es2015.d.ts","/home/wzrdd/.node_modules/lib/node_modules/typescript/lib/lib.es2016.d.ts","/home/wzrdd/.node_modules/lib/node_modules/typescript/lib/lib.dom.d.ts","/home/wzrdd/.node_modules/lib/node_modules/typescript/lib/lib.dom.iterable.d.ts","/home/wzrdd/.node_modules/lib/node_modules/typescript/lib/lib.webworker.importscripts.d.ts","/home/wzrdd/.node_modules/lib/node_modules/typescript/lib/lib.scripthost.d.ts","/home/wzrdd/.node_modules/lib/node_modules/typescript/lib/lib.es2015.core.d.ts","/home/wzrdd/.node_modules/lib/node_modules/typescript/lib/lib.es2015.collection.d.ts","/home/wzrdd/.node_modules/lib/node_modules/typescript/lib/lib.es2015.generator.d.ts","/home/wzrdd/.node_modules/lib/node_modules/typescript/lib/lib.es2015.iterable.d.ts","/home/wzrdd/.node_modules/lib/node_modules/typescript/lib/lib.es2015.promise.d.ts","/home/wzrdd/.node_modules/lib/node_modules/typescript/lib/lib.es2015.proxy.d.ts","/home/wzrdd/.node_modules/lib/node_modules/typescript/lib/lib.es2015.reflect.d.ts","/home/wzrdd/.node_modules/lib/node_modules/typescript/lib/lib.es2015.symbol.d.ts","/home/wzrdd/.node_modules/lib/node_modules/typescript/lib/lib.es2015.symbol.wellknown.d.ts","/home/wzrdd/.node_modules/lib/node_modules/typescript/lib/lib.es2016.array.include.d.ts","/home/wzrdd/.node_modules/lib/node_modules/typescript/lib/lib.es2016.full.d.ts","/home/wzrdd/Semestre/TIC/proyecto/virtual-port/node_modules/engine.io-parser/build/esm/index.d.ts","/home/wzrdd/Semestre/TIC/proyecto/virtual-port/node_modules/engine.io/build/engine.io.d.ts","/home/wzrdd/Semestre/TIC/proyecto/virtual-port/node_modules/socket.io-parser/build/esm/index.d.ts","/home/wzrdd/Semestre/TIC/proyecto/virtual-port/node_modules/socket.io-adapter/dist/index.d.ts","/home/wzrdd/Semestre/TIC/proyecto/virtual-port/node_modules/socket.io/dist/index.d.ts","/home/wzrdd/Semestre/TIC/proyecto/virtual-port/node_modules/serialport/dist/index.d.ts","/home/wzrdd/Semestre/TIC/proyecto/virtual-port/index.js","/home/wzrdd/.cache/typescript/4.4/node_modules/@types/accepts/index.d.ts","/home/wzrdd/.cache/typescript/4.4/node_modules/@types/base64id/index.d.ts","/home/wzrdd/.cache/typescript/4.4/node_modules/@types/cookie/index.d.ts","/home/wzrdd/.cache/typescript/4.4/node_modules/@types/cors/index.d.ts","/home/wzrdd/.cache/typescript/4.4/node_modules/@types/ms/index.d.ts","/home/wzrdd/.cache/typescript/4.4/node_modules/@types/debug/index.d.ts","/home/wzrdd/.cache/typescript/4.4/node_modules/@types/mime-db/index.d.ts","/home/wzrdd/.cache/typescript/4.4/node_modules/@types/mime-types/index.d.ts","/home/wzrdd/.cache/typescript/4.4/node_modules/@types/negotiator/index.d.ts","/home/wzrdd/.cache/typescript/4.4/node_modules/@types/object-assign/index.d.ts","/home/wzrdd/.cache/typescript/4.4/node_modules/@types/vary/index.d.ts","/home/wzrdd/.cache/typescript/4.4/node_modules/@types/ws/index.d.ts"],"compilerOptions":{"module":1,"target":3,"jsx":1,"allowJs":true,"allowSyntheticDefaultImports":true,"allowNonTsExtensions":true,"noEmitForJsFiles":true,"maxNodeModuleJsDepth":2},"typeAcquisition":{"enable":true,"include":[],"exclude":[]},"unresolvedImports":[],"projectRootPath":"/home/wzrdd/Semestre/TIC/proyecto/virtual-port","kind":"discover"}
[23:28:33.152] Explicitly included types: []
[23:28:33.152] Typing names in '/home/wzrdd/Semestre/TIC/proyecto/virtual-port/package.json' dependencies: ["serialport","socket.io"]
[23:28:33.164] Searching for typing names in /home/wzrdd/Semestre/TIC/proyecto/virtual-port/node_modules; all files: ["/home/wzrdd/Semestre/TIC/proyecto/virtual-port/node_modules/.package-lock.json","/home/wzrdd/Semestre/TIC/proyecto/virtual-port/node_modules/accepts/package.json","/home/wzrdd/Semestre/TIC/proyecto/virtual-port/node_modules/base64id/package.json","/home/wzrdd/Semestre/TIC/proyecto/virtual-port/node_modules/cookie/package.json","/home/wzrdd/Semestre/TIC/proyecto/virtual-port/node_modules/cors/package.json","/home/wzrdd/Semestre/TIC/proyecto/virtual-port/node_modules/debug/package.json","/home/wzrdd/Semestre/TIC/proyecto/virtual-port/node_modules/engine.io/package.json","/home/wzrdd/Semestre/TIC/proyecto/virtual-port/node_modules/engine.io-parser/package.json","/home/wzrdd/Semestre/TIC/proyecto/virtual-port/node_modules/mime-db/db.json","/home/wzrdd/Semestre/TIC/proyecto/virtual-port/node_modules/mime-db/package.json","/home/wzrdd/Semestre/TIC/proyecto/virtual-port/node_modules/mime-types/package.json","/home/wzrdd/Semestre/TIC/proyecto/virtual-port/node_modules/ms/package.json","/home/wzrdd/Semestre/TIC/proyecto/virtual-port/node_modules/negotiator/package.json","/home/wzrdd/Semestre/TIC/proyecto/virtual-port/node_modules/node-addon-api/package-support.json","/home/wzrdd/Semestre/TIC/proyecto/virtual-port/node_modules/node-addon-api/package.json","/home/wzrdd/Semestre/TIC/proyecto/virtual-port/node_modules/node-gyp-build/package.json","/home/wzrdd/Semestre/TIC/proyecto/virtual-port/node_modules/object-assign/package.json","/home/wzrdd/Semestre/TIC/proyecto/virtual-port/node_modules/serialport/package.json","/home/wzrdd/Semestre/TIC/proyecto/virtual-port/node_modules/socket.io/package.json","/home/wzrdd/Semestre/TIC/proyecto/virtual-port/node_modules/socket.io-adapter/package.json","/home/wzrdd/Semestre/TIC/proyecto/virtual-port/node_modules/socket.io-parser/package.json","/home/wzrdd/Semestre/TIC/proyecto/virtual-port/node_modules/vary/package.json","/home/wzrdd/Semestre/TIC/proyecto/virtual-port/node_modules/ws/package.json"]
[23:28:33.167]     Package 'engine.io' provides its own types.
[23:28:33.167]     Package 'engine.io-parser' provides its own types.
[23:28:33.183]     Package 'serialport' provides its own types.
[23:28:33.183]     Package 'socket.io' provides its own types.
[23:28:33.197]     Package 'socket.io-adapter' provides its own types.
[23:28:33.199]     Package 'socket.io-parser' provides its own types.
[23:28:33.200]     Found package names: ["accepts","base64id","cookie","cors","debug","mime-db","mime-types","ms","negotiator","node-addon-api","node-gyp-build","object-assign","vary","ws"]
[23:28:33.201] Inferred typings from unresolved imports: []
[23:28:33.202] Result: {"cachedTypingPaths":["/home/wzrdd/Semestre/TIC/proyecto/virtual-port/node_modules/serialport/dist/index.d.ts","/home/wzrdd/Semestre/TIC/proyecto/virtual-port/node_modules/socket.io/dist/index.d.ts","/home/wzrdd/Semestre/TIC/proyecto/virtual-port/node_modules/engine.io/build/engine.io.d.ts","/home/wzrdd/Semestre/TIC/proyecto/virtual-port/node_modules/engine.io-parser/build/esm/index.d.ts","/home/wzrdd/Semestre/TIC/proyecto/virtual-port/node_modules/socket.io-adapter/dist/index.d.ts","/home/wzrdd/Semestre/TIC/proyecto/virtual-port/node_modules/socket.io-parser/build/esm/index.d.ts","/home/wzrdd/.cache/typescript/4.4/node_modules/@types/accepts/index.d.ts","/home/wzrdd/.cache/typescript/4.4/node_modules/@types/base64id/index.d.ts","/home/wzrdd/.cache/typescript/4.4/node_modules/@types/cookie/index.d.ts","/home/wzrdd/.cache/typescript/4.4/node_modules/@types/cors/index.d.ts","/home/wzrdd/.cache/typescript/4.4/node_modules/@types/debug/index.d.ts","/home/wzrdd/.cache/typescript/4.4/node_modules/@types/mime-db/index.d.ts","/home/wzrdd/.cache/typescript/4.4/node_modules/@types/mime-types/index.d.ts","/home/wzrdd/.cache/typescript/4.4/node_modules/@types/ms/index.d.ts","/home/wzrdd/.cache/typescript/4.4/node_modules/@types/negotiator/index.d.ts","/home/wzrdd/.cache/typescript/4.4/node_modules/@types/object-assign/index.d.ts","/home/wzrdd/.cache/typescript/4.4/node_modules/@types/vary/index.d.ts","/home/wzrdd/.cache/typescript/4.4/node_modules/@types/ws/index.d.ts"],"newTypingNames":["node-addon-api","node-gyp-build"],"filesToWatch":["/home/wzrdd/Semestre/TIC/proyecto/virtual-port/package.json","/home/wzrdd/Semestre/TIC/proyecto/virtual-port/bower_components","/home/wzrdd/Semestre/TIC/proyecto/virtual-port/node_modules"]}
[23:28:33.204] Finished typings discovery: {"cachedTypingPaths":["/home/wzrdd/Semestre/TIC/proyecto/virtual-port/node_modules/serialport/dist/index.d.ts","/home/wzrdd/Semestre/TIC/proyecto/virtual-port/node_modules/socket.io/dist/index.d.ts","/home/wzrdd/Semestre/TIC/proyecto/virtual-port/node_modules/engine.io/build/engine.io.d.ts","/home/wzrdd/Semestre/TIC/proyecto/virtual-port/node_modules/engine.io-parser/build/esm/index.d.ts","/home/wzrdd/Semestre/TIC/proyecto/virtual-port/node_modules/socket.io-adapter/dist/index.d.ts","/home/wzrdd/Semestre/TIC/proyecto/virtual-port/node_modules/socket.io-parser/build/esm/index.d.ts","/home/wzrdd/.cache/typescript/4.4/node_modules/@types/accepts/index.d.ts","/home/wzrdd/.cache/typescript/4.4/node_modules/@types/base64id/index.d.ts","/home/wzrdd/.cache/typescript/4.4/node_modules/@types/cookie/index.d.ts","/home/wzrdd/.cache/typescript/4.4/node_modules/@types/cors/index.d.ts","/home/wzrdd/.cache/typescript/4.4/node_modules/@types/debug/index.d.ts","/home/wzrdd/.cache/typescript/4.4/node_modules/@types/mime-db/index.d.ts","/home/wzrdd/.cache/typescript/4.4/node_modules/@types/mime-types/index.d.ts","/home/wzrdd/.cache/typescript/4.4/node_modules/@types/ms/index.d.ts","/home/wzrdd/.cache/typescript/4.4/node_modules/@types/negotiator/index.d.ts","/home/wzrdd/.cache/typescript/4.4/node_modules/@types/object-assign/index.d.ts","/home/wzrdd/.cache/typescript/4.4/node_modules/@types/vary/index.d.ts","/home/wzrdd/.cache/typescript/4.4/node_modules/@types/ws/index.d.ts"],"newTypingNames":["node-addon-api","node-gyp-build"],"filesToWatch":["/home/wzrdd/Semestre/TIC/proyecto/virtual-port/package.json","/home/wzrdd/Semestre/TIC/proyecto/virtual-port/bower_components","/home/wzrdd/Semestre/TIC/proyecto/virtual-port/node_modules"]}
[23:28:33.204] Installing typings ["node-addon-api","node-gyp-build"]
[23:28:33.205] 'node-addon-api':: Entry for package 'node-addon-api' does not exist in local types registry - skipping...
[23:28:33.205] 'node-gyp-build':: Entry for package 'node-gyp-build' does not exist in local types registry - skipping...
[23:28:33.205] All typings are known to be missing or invalid - no need to install more typings
[23:28:33.205] Sending response:
    {"projectName":"/dev/null/inferredProject1*","typeAcquisition":{"enable":true,"include":[],"exclude":[]},"compilerOptions":{"module":1,"target":3,"jsx":1,"allowJs":true,"allowSyntheticDefaultImports":true,"allowNonTsExtensions":true,"noEmitForJsFiles":true,"maxNodeModuleJsDepth":2},"typings":["/home/wzrdd/Semestre/TIC/proyecto/virtual-port/node_modules/serialport/dist/index.d.ts","/home/wzrdd/Semestre/TIC/proyecto/virtual-port/node_modules/socket.io/dist/index.d.ts","/home/wzrdd/Semestre/TIC/proyecto/virtual-port/node_modules/engine.io/build/engine.io.d.ts","/home/wzrdd/Semestre/TIC/proyecto/virtual-port/node_modules/engine.io-parser/build/esm/index.d.ts","/home/wzrdd/Semestre/TIC/proyecto/virtual-port/node_modules/socket.io-adapter/dist/index.d.ts","/home/wzrdd/Semestre/TIC/proyecto/virtual-port/node_modules/socket.io-parser/build/esm/index.d.ts","/home/wzrdd/.cache/typescript/4.4/node_modules/@types/accepts/index.d.ts","/home/wzrdd/.cache/typescript/4.4/node_modules/@types/base64id/index.d.ts","/home/wzrdd/.cache/typescript/4.4/node_modules/@types/cookie/index.d.ts","/home/wzrdd/.cache/typescript/4.4/node_modules/@types/cors/index.d.ts","/home/wzrdd/.cache/typescript/4.4/node_modules/@types/debug/index.d.ts","/home/wzrdd/.cache/typescript/4.4/node_modules/@types/mime-db/index.d.ts","/home/wzrdd/.cache/typescript/4.4/node_modules/@types/mime-types/index.d.ts","/home/wzrdd/.cache/typescript/4.4/node_modules/@types/ms/index.d.ts","/home/wzrdd/.cache/typescript/4.4/node_modules/@types/negotiator/index.d.ts","/home/wzrdd/.cache/typescript/4.4/node_modules/@types/object-assign/index.d.ts","/home/wzrdd/.cache/typescript/4.4/node_modules/@types/vary/index.d.ts","/home/wzrdd/.cache/typescript/4.4/node_modules/@types/ws/index.d.ts"],"unresolvedImports":[],"kind":"action::set"}
[23:28:33.205] Response has been sent.
